============================= test session starts ==============================
platform linux -- Python 3.10.12, pytest-7.4.3, pluggy-1.6.0
rootdir: /home/elkakas314/vx11
configfile: pytest.ini
testpaths: tests
plugins: cov-4.1.0, asyncio-0.21.1, mock-3.15.1, anyio-3.7.1, timeout-2.4.0
asyncio: mode=auto
timeout: 15.0s
timeout method: signal
timeout func_only: False
collected 635 items
Collected 635 tests.

tests/test_all_healthchecks.py .Progress: 1/635 tests (0%)                                         [  0%]
tests/test_cardinality_counter.py .Progress: 2/635 tests (0%).Progress: 3/635 tests (0%).Progress: 4/635 tests (0%).Progress: 5/635 tests (0%).Progress: 6/635 tests (0%).Progress: 7/635 tests (1%).Progress: 8/635 tests (1%).Progress: 9/635 tests (1%).Progress: 10/635 tests (1%).Progress: 11/635 tests (1%).Progress: 12/635 tests (1%)                            [  1%]
tests/test_context7_v7.py .Progress: 13/635 tests (2%).Progress: 14/635 tests (2%).Progress: 15/635 tests (2%).Progress: 16/635 tests (2%)FProgress: 17/635 tests (2%).Progress: 18/635 tests (2%).Progress: 19/635 tests (2%).Progress: 20/635 tests (3%).Progress: 21/635 tests (3%)                                      [  3%]
tests/test_copilot_operator.py .Progress: 22/635 tests (3%).Progress: 23/635 tests (3%).Progress: 24/635 tests (3%).Progress: 25/635 tests (3%).Progress: 26/635 tests (4%).Progress: 27/635 tests (4%).Progress: 28/635 tests (4%).Progress: 29/635 tests (4%).Progress: 30/635 tests (4%).Progress: 31/635 tests (4%).Progress: 32/635 tests (5%).Progress: 33/635 tests (5%).Progress: 34/635 tests (5%).Progress: 35/635 tests (5%).Progress: 36/635 tests (5%).Progress: 37/635 tests (5%).Progress: 38/635 tests (5%).Progress: 39/635 tests (6%).Progress: 40/635 tests (6%).Progress: 41/635 tests (6%).Progress: 42/635 tests (6%).Progress: 43/635 tests (6%).Progress: 44/635 tests (6%).Progress: 45/635 tests (7%).Progress: 46/635 tests (7%).Progress: 47/635 tests (7%).Progress: 48/635 tests (7%).Progress: 49/635 tests (7%).Progress: 50/635 tests (7%).Progress: 51/635 tests (8%).Progress: 52/635 tests (8%).Progress: 53/635 tests (8%).Progress: 54/635 tests (8%).Progress: 55/635 tests (8%).Progress: 56/635 tests (8%).Progress: 57/635 tests (8%).Progress: 58/635 tests (9%).Progress: 59/635 tests (9%).Progress: 60/635 tests (9%).Progress: 61/635 tests (9%)  [  9%]
tests/test_correlation_tracker.py .Progress: 62/635 tests (9%).Progress: 63/635 tests (9%).Progress: 64/635 tests (10%).Progress: 65/635 tests (10%).Progress: 66/635 tests (10%).Progress: 67/635 tests (10%).Progress: 68/635 tests (10%).Progress: 69/635 tests (10%).Progress: 70/635 tests (11%).Progress: 71/635 tests (11%)                             [ 11%]
tests/test_db_schema.py .Progress: 72/635 tests (11%).Progress: 73/635 tests (11%).Progress: 74/635 tests (11%).Progress: 75/635 tests (11%).Progress: 76/635 tests (11%)                                            [ 11%]
tests/test_dynamic_optimization.py .Progress: 77/635 tests (12%).Progress: 78/635 tests (12%).Progress: 79/635 tests (12%).Progress: 80/635 tests (12%).Progress: 81/635 tests (12%).Progress: 82/635 tests (12%).Progress: 83/635 tests (13%).Progress: 84/635 tests (13%).Progress: 85/635 tests (13%).Progress: 86/635 tests (13%).Progress: 87/635 tests (13%).Progress: 88/635 tests (13%).Progress: 89/635 tests (14%)FProgress: 90/635 tests (14%)FProgress: 91/635 tests (14%).Progress: 92/635 tests (14%).Progress: 93/635 tests (14%).Progress: 94/635 tests (14%)                    [ 14%]
tests/test_event_validation.py .Progress: 95/635 tests (14%).Progress: 96/635 tests (15%).Progress: 97/635 tests (15%).Progress: 98/635 tests (15%).Progress: 99/635 tests (15%).Progress: 100/635 tests (15%).Progress: 101/635 tests (15%).Progress: 102/635 tests (16%).Progress: 103/635 tests (16%).Progress: 104/635 tests (16%).Progress: 105/635 tests (16%).Progress: 106/635 tests (16%).Progress: 107/635 tests (16%).Progress: 108/635 tests (17%).Progress: 109/635 tests (17%).Progress: 110/635 tests (17%).Progress: 111/635 tests (17%).Progress: 112/635 tests (17%).Progress: 113/635 tests (17%).Progress: 114/635 tests (17%).Progress: 115/635 tests (18%).Progress: 116/635 tests (18%).Progress: 117/635 tests (18%).Progress: 118/635 tests (18%).Progress: 119/635 tests (18%).Progress: 120/635 tests (18%).Progress: 121/635 tests (19%).Progress: 122/635 tests (19%).Progress: 123/635 tests (19%).Progress: 124/635 tests (19%).Progress: 125/635 tests (19%)           [ 19%]
tests/test_forensics_rotate.py .Progress: 126/635 tests (19%)                                         [ 19%]
tests/test_ga_router_tokens.py .Progress: 127/635 tests (20%)                                         [ 20%]
tests/test_gateway_v7.py .Progress: 128/635 tests (20%).Progress: 129/635 tests (20%).Progress: 130/635 tests (20%).Progress: 131/635 tests (20%).Progress: 132/635 tests (20%).Progress: 133/635 tests (20%).Progress: 134/635 tests (21%)FProgress: 135/635 tests (21%).Progress: 136/635 tests (21%).Progress: 137/635 tests (21%).Progress: 138/635 tests (21%)                                     [ 21%]
tests/test_health_endpoints.py .Progress: 139/635 tests (21%)                                         [ 21%]
tests/test_health_smoke.py .Progress: 140/635 tests (22%).Progress: 141/635 tests (22%).Progress: 142/635 tests (22%).Progress: 143/635 tests (22%)FProgress: 144/635 tests (22%).Progress: 145/635 tests (22%).Progress: 146/635 tests (22%)FProgress: 147/635 tests (23%).Progress: 148/635 tests (23%)                                     [ 23%]
tests/test_hermes_cli_detection.py .Progress: 149/635 tests (23%)                                     [ 23%]
tests/test_hermes_cli_registry_module.py .Progress: 150/635 tests (23%)                               [ 23%]
tests/test_hermes_registry_db.py .Progress: 151/635 tests (23%)                                       [ 23%]
tests/test_hermes_waveform.py FProgress: 152/635 tests (23%)                                          [ 23%]
tests/test_hormiguero.py FProgress: 153/635 tests (24%)                                               [ 24%]
tests/test_hormiguero_queen.py .Progress: 154/635 tests (24%)                                         [ 24%]
tests/test_hormiguero_v7.py .Progress: 155/635 tests (24%).Progress: 156/635 tests (24%).Progress: 157/635 tests (24%).Progress: 158/635 tests (24%).Progress: 159/635 tests (25%).Progress: 160/635 tests (25%).Progress: 161/635 tests (25%).Progress: 162/635 tests (25%).Progress: 163/635 tests (25%).Progress: 164/635 tests (25%).Progress: 165/635 tests (25%).Progress: 166/635 tests (26%).Progress: 167/635 tests (26%).Progress: 168/635 tests (26%).Progress: 169/635 tests (26%).Progress: 170/635 tests (26%).Progress: 171/635 tests (26%).Progress: 172/635 tests (27%)                           [ 27%]
tests/test_leonidas_permissions.py .Progress: 173/635 tests (27%).Progress: 174/635 tests (27%)                                    [ 27%]
tests/test_madre_orchestration.py .Progress: 175/635 tests (27%).Progress: 176/635 tests (27%)FProgress: 177/635 tests (27%)sProgress: 178/635 tests (28%)                                   [ 28%]
tests/test_madre_spawner_v7.py FProgress: 179/635 tests (28%)FProgress: 180/635 tests (28%)FProgress: 181/635 tests (28%)FProgress: 182/635 tests (28%)FProgress: 183/635 tests (28%)FProgress: 184/635 tests (28%)FProgress: 185/635 tests (29%)FProgress: 186/635 tests (29%).Progress: 187/635 tests (29%)FProgress: 188/635 tests (29%)FProgress: 189/635 tests (29%).Progress: 190/635 tests (29%).Progress: 191/635 tests (30%).Progress: 192/635 tests (30%).Progress: 193/635 tests (30%).Progress: 194/635 tests (30%).Progress: 195/635 tests (30%).Progress: 196/635 tests (30%).Progress: 197/635 tests (31%).Progress: 198/635 tests (31%).Progress: 199/635 tests (31%)FProgress: 200/635 tests (31%).Progress: 201/635 tests (31%).Progress: 202/635 tests (31%).Progress: 203/635 tests (31%)FProgress: 204/635 tests (32%)FProgress: 205/635 tests (32%)               [ 32%]
tests/test_madre_spawner_v7_simple.py .Progress: 206/635 tests (32%).Progress: 207/635 tests (32%).Progress: 208/635 tests (32%).Progress: 209/635 tests (32%).Progress: 210/635 tests (33%).Progress: 211/635 tests (33%).Progress: 212/635 tests (33%).Progress: 213/635 tests (33%).Progress: 214/635 tests (33%).Progress: 215/635 tests (33%).Progress: 216/635 tests (34%).Progress: 217/635 tests (34%).Progress: 218/635 tests (34%).Progress: 219/635 tests (34%)                     [ 34%]
tests/test_madre_states.py .Progress: 220/635 tests (34%)                                             [ 34%]
tests/test_manifestator_drift.py .Progress: 221/635 tests (34%)                                       [ 34%]
tests/test_mcp_action.py FProgress: 222/635 tests (34%)                                               [ 34%]
tests/test_mcp_switch_integration.py ss                                  [ 35%]
tests/test_modes_transition.py FProgress: 223/635 tests (35%)FProgress: 224/635 tests (35%)FProgress: 225/635 tests (35%)FProgress: 226/635 tests (35%)FProgress: 227/635 tests (35%)FProgress: 228/635 tests (35%)FProgress: 229/635 tests (36%)FProgress: 230/635 tests (36%)FProgress: 231/635 tests (36%)FProgress: 232/635 tests (36%)FProgress: 233/635 tests (36%)FProgress: 234/635 tests (36%)FProgress: 235/635 tests (37%)FProgress: 236/635 tests (37%).Progress: 237/635 tests (37%)FProgress: 238/635 tests (37%)FProgress: 239/635 tests (37%)FProgress: 240/635 tests (37%)FProgress: 241/635 tests (37%)FProgress: 242/635 tests (38%)FProgress: 243/635 tests (38%)                     [ 38%]
tests/test_operator_backend_v7.py .Progress: 244/635 tests (38%).Progress: 245/635 tests (38%).Progress: 246/635 tests (38%).Progress: 247/635 tests (38%).Progress: 248/635 tests (39%).Progress: 249/635 tests (39%).Progress: 250/635 tests (39%).Progress: 251/635 tests (39%).Progress: 252/635 tests (39%).Progress: 253/635 tests (39%).Progress: 254/635 tests (40%).Progress: 255/635 tests (40%).Progress: 256/635 tests (40%).Progress: 257/635 tests (40%)                         [ 40%]
tests/test_operator_browser_v7.py .Progress: 258/635 tests (40%).Progress: 259/635 tests (40%).Progress: 260/635 tests (40%).Progress: 261/635 tests (41%).Progress: 262/635 tests (41%).Progress: 263/635 tests (41%).Progress: 264/635 tests (41%).Progress: 265/635 tests (41%).Progress: 266/635 tests (41%)FProgress: 267/635 tests (42%)FProgress: 268/635 tests (42%)FProgress: 269/635 tests (42%).Progress: 270/635 tests (42%).Progress: 271/635 tests (42%)FProgress: 272/635 tests (42%)                        [ 43%]
tests/test_operator_db_schema_v7.py FProgress: 273/635 tests (42%)FProgress: 274/635 tests (43%)FProgress: 275/635 tests (43%)FProgress: 276/635 tests (43%)FProgress: 277/635 tests (43%)                                [ 43%]
tests/test_operator_intents.py .Progress: 278/635 tests (43%).Progress: 279/635 tests (43%)                                        [ 44%]
tests/test_operator_shub_phase4.py .Progress: 280/635 tests (44%).Progress: 281/635 tests (44%).Progress: 282/635 tests (44%)                                   [ 44%]
tests/test_operator_switch_hermes_flow.py FProgress: 283/635 tests (44%).Progress: 284/635 tests (44%)                             [ 45%]
tests/test_operator_ui_status_events.py FProgress: 285/635 tests (44%)FProgress: 286/635 tests (45%)                               [ 45%]
tests/test_operator_version_core.py FProgress: 287/635 tests (45%)                                    [ 45%]
tests/test_paso7_integration.py .Progress: 288/635 tests (45%).Progress: 289/635 tests (45%).Progress: 290/635 tests (45%).Progress: 291/635 tests (45%).Progress: 292/635 tests (45%).Progress: 293/635 tests (46%).Progress: 294/635 tests (46%).Progress: 295/635 tests (46%).Progress: 296/635 tests (46%).Progress: 297/635 tests (46%).Progress: 298/635 tests (46%).Progress: 299/635 tests (47%).Progress: 300/635 tests (47%).Progress: 301/635 tests (47%).Progress: 302/635 tests (47%).Progress: 303/635 tests (47%).Progress: 304/635 tests (47%).Progress: 305/635 tests (48%).Progress: 306/635 tests (48%).Progress: 307/635 tests (48%).Progress: 308/635 tests (48%).Progress: 309/635 tests (48%).Progress: 310/635 tests (48%).Progress: 311/635 tests (48%).Progress: 312/635 tests (49%).Progress: 313/635 tests (49%).Progress: 314/635 tests (49%).Progress: 315/635 tests (49%).Progress: 316/635 tests (49%).Progress: 317/635 tests (49%).Progress: 318/635 tests (50%).Progress: 319/635 tests (50%).Progress: 320/635 tests (50%).Progress: 321/635 tests (50%).Progress: 322/635 tests (50%).Progress: 323/635 tests (50%).Progress: 324/635 tests (51%).Progress: 325/635 tests (51%)   [ 51%]
tests/test_phase12_fases2_10.py ssssssssssssss                           [ 53%]
tests/test_pnp_and_integration.py .Progress: 326/635 tests (51%).Progress: 327/635 tests (51%).Progress: 328/635 tests (51%).Progress: 329/635 tests (51%).Progress: 330/635 tests (51%).Progress: 331/635 tests (52%).Progress: 332/635 tests (52%).Progress: 333/635 tests (52%).Progress: 334/635 tests (52%).Progress: 335/635 tests (52%).Progress: 336/635 tests (52%).Progress: 337/635 tests (53%).Progress: 338/635 tests (53%).Progress: 339/635 tests (53%).Progress: 340/635 tests (53%).Progress: 341/635 tests (53%).Progress: 342/635 tests (53%).Progress: 343/635 tests (54%).Progress: 344/635 tests (54%).Progress: 345/635 tests (54%).Progress: 346/635 tests (54%)FProgress: 347/635 tests (54%)FProgress: 348/635 tests (54%)FProgress: 349/635 tests (54%).Progress: 350/635 tests (55%).Progress: 351/635 tests (55%)             [ 57%]
tests/test_pnp_and_switch_integration.py .Progress: 352/635 tests (55%).Progress: 353/635 tests (55%).Progress: 354/635 tests (55%).Progress: 355/635 tests (55%).Progress: 356/635 tests (56%).Progress: 357/635 tests (56%).Progress: 358/635 tests (56%).Progress: 359/635 tests (56%).Progress: 360/635 tests (56%).Progress: 361/635 tests (56%).Progress: 362/635 tests (57%).Progress: 363/635 tests (57%).Progress: 364/635 tests (57%).Progress: 365/635 tests (57%).Progress: 366/635 tests (57%).Progress: 367/635 tests (57%).Progress: 368/635 tests (57%).Progress: 369/635 tests (58%).Progress: 370/635 tests (58%).Progress: 371/635 tests (58%).Progress: 372/635 tests (58%).Progress: 373/635 tests (58%)          [ 61%]
tests/test_reina_logic_v7.py .Progress: 374/635 tests (58%).Progress: 375/635 tests (59%).Progress: 376/635 tests (59%).Progress: 377/635 tests (59%).Progress: 378/635 tests (59%).Progress: 379/635 tests (59%).Progress: 380/635 tests (59%).Progress: 381/635 tests (60%).Progress: 382/635 tests (60%).Progress: 383/635 tests (60%).Progress: 384/635 tests (60%).Progress: 385/635 tests (60%)                                [ 63%]
tests/test_routingresult_compat.py .Progress: 386/635 tests (60%)                                     [ 63%]
tests/test_shub_api.py .Progress: 387/635 tests (60%).Progress: 388/635 tests (61%).Progress: 389/635 tests (61%).Progress: 390/635 tests (61%).Progress: 391/635 tests (61%).Progress: 392/635 tests (61%).Progress: 393/635 tests (61%).Progress: 394/635 tests (62%).Progress: 395/635 tests (62%).Progress: 396/635 tests (62%).Progress: 397/635 tests (62%).Progress: 398/635 tests (62%).Progress: 399/635 tests (62%).Progress: 400/635 tests (62%).Progress: 401/635 tests (63%).Progress: 402/635 tests (63%).Progress: 403/635 tests (63%).Progress: 404/635 tests (63%).Progress: 405/635 tests (63%)                               [ 66%]
tests/test_shub_autonomy_e2e.py .Progress: 406/635 tests (63%).Progress: 407/635 tests (64%).Progress: 408/635 tests (64%).Progress: 409/635 tests (64%).Progress: 410/635 tests (64%).Progress: 411/635 tests (64%).Progress: 412/635 tests (64%).Progress: 413/635 tests (65%).Progress: 414/635 tests (65%).Progress: 415/635 tests (65%).Progress: 416/635 tests (65%).Progress: 417/635 tests (65%).Progress: 418/635 tests (65%).Progress: 419/635 tests (65%).Progress: 420/635 tests (66%).Progress: 421/635 tests (66%).Progress: 422/635 tests (66%).Progress: 423/635 tests (66%)FProgress: 424/635 tests (66%)FProgress: 425/635 tests (66%).Progress: 426/635 tests (67%)FProgress: 427/635 tests (67%)FProgress: 428/635 tests (67%)FProgress: 429/635 tests (67%).Progress: 430/635 tests (67%)FProgress: 431/635 tests (67%).Progress: 432/635 tests (68%).Progress: 433/635 tests (68%)             [ 70%]
tests/test_shub_core.py .Progress: 434/635 tests (68%).Progress: 435/635 tests (68%).Progress: 436/635 tests (68%).Progress: 437/635 tests (68%).Progress: 438/635 tests (68%).Progress: 439/635 tests (69%).Progress: 440/635 tests (69%).Progress: 441/635 tests (69%).Progress: 442/635 tests (69%).Progress: 443/635 tests (69%).Progress: 444/635 tests (69%).Progress: 445/635 tests (70%).Progress: 446/635 tests (70%).Progress: 447/635 tests (70%)FProgress: 448/635 tests (70%)                                  [ 73%]
tests/test_shub_dsp.py .Progress: 449/635 tests (70%)FProgress: 450/635 tests (70%)FProgress: 451/635 tests (71%)FProgress: 452/635 tests (71%)FProgress: 453/635 tests (71%)FProgress: 454/635 tests (71%).Progress: 455/635 tests (71%)FProgress: 456/635 tests (71%).Progress: 457/635 tests (71%).Progress: 458/635 tests (72%)                                        [ 74%]
tests/test_shub_mode_c.py .Progress: 459/635 tests (72%)FProgress: 460/635 tests (72%)                                             [ 74%]
tests/test_shub_modes.py FProgress: 461/635 tests (72%)                                               [ 75%]
tests/test_shub_pro.py sProgress: 462/635 tests (72%)FProgress: 463/635 tests (72%)FProgress: 464/635 tests (73%)FProgress: 465/635 tests (73%)FProgress: 466/635 tests (73%).Progress: 467/635 tests (73%).Progress: 468/635 tests (73%).Progress: 469/635 tests (73%).Progress: 470/635 tests (74%).Progress: 471/635 tests (74%).Progress: 472/635 tests (74%).Progress: 473/635 tests (74%).Progress: 474/635 tests (74%).Progress: 475/635 tests (74%)FProgress: 476/635 tests (74%).Progress: 477/635 tests (75%).Progress: 478/635 tests (75%)FProgress: 479/635 tests (75%)FProgress: 480/635 tests (75%).Progress: 481/635 tests (75%)FProgress: 482/635 tests (75%).Progress: 483/635 tests (76%).Progress: 484/635 tests (76%).Progress: 485/635 tests (76%)FProgress: 486/635 tests (76%)FProgress: 487/635 tests (76%)                        [ 79%]
tests/test_shub_pro_api.py .Progress: 488/635 tests (76%)                                             [ 79%]
tests/test_shub_pro_io.py .Progress: 489/635 tests (77%)                                              [ 79%]
tests/test_shub_pro_simple.py .Progress: 490/635 tests (77%).Progress: 491/635 tests (77%).Progress: 492/635 tests (77%).Progress: 493/635 tests (77%).Progress: 494/635 tests (77%).Progress: 495/635 tests (77%).Progress: 496/635 tests (78%).Progress: 497/635 tests (78%).Progress: 498/635 tests (78%).Progress: 499/635 tests (78%).Progress: 500/635 tests (78%).Progress: 501/635 tests (78%).Progress: 502/635 tests (79%).Progress: 503/635 tests (79%).Progress: 504/635 tests (79%).Progress: 505/635 tests (79%).Progress: 506/635 tests (79%).Progress: 507/635 tests (79%).Progress: 508/635 tests (80%).Progress: 509/635 tests (80%).Progress: 510/635 tests (80%).Progress: 511/635 tests (80%).Progress: 512/635 tests (80%).Progress: 513/635 tests (80%).Progress: 514/635 tests (80%).Progress: 515/635 tests (81%).Progress: 516/635 tests (81%).Progress: 517/635 tests (81%).Progress: 518/635 tests (81%)              [ 84%]
tests/test_shubniggurath_complete_suite.py FProgress: 519/635 tests (81%)FProgress: 520/635 tests (81%).Progress: 521/635 tests (82%).Progress: 522/635 tests (82%).Progress: 523/635 tests (82%).Progress: 524/635 tests (82%).Progress: 525/635 tests (82%).Progress: 526/635 tests (82%).Progress: 527/635 tests (82%).Progress: 528/635 tests (83%).Progress: 529/635 tests (83%).Progress: 530/635 tests (83%).Progress: 531/635 tests (83%).Progress: 532/635 tests (83%)                [ 86%]
tests/test_shubniggurath_phase1.py .Progress: 533/635 tests (83%)FProgress: 534/635 tests (84%).Progress: 535/635 tests (84%).Progress: 536/635 tests (84%)                                  [ 86%]
tests/test_shubniggurath_phase2.py .Progress: 537/635 tests (84%).Progress: 538/635 tests (84%).Progress: 539/635 tests (84%).Progress: 540/635 tests (85%)                                  [ 87%]
tests/test_shubniggurath_phase3.py .Progress: 541/635 tests (85%).Progress: 542/635 tests (85%).Progress: 543/635 tests (85%).Progress: 544/635 tests (85%)                                  [ 88%]
tests/test_shubniggurath_phase5.py .Progress: 545/635 tests (85%).Progress: 546/635 tests (85%).Progress: 547/635 tests (86%).Progress: 548/635 tests (86%)                                  [ 88%]
tests/test_shubniggurath_phase6.py .Progress: 549/635 tests (86%).Progress: 550/635 tests (86%).Progress: 551/635 tests (86%).Progress: 552/635 tests (86%)                                  [ 89%]
tests/test_shubniggurath_phase7.py .Progress: 553/635 tests (87%).Progress: 554/635 tests (87%).Progress: 555/635 tests (87%)                                   [ 89%]
tests/test_shubniggurath_phase8.py .Progress: 556/635 tests (87%).Progress: 557/635 tests (87%)                                    [ 90%]
tests/test_spawner_endpoints.py FProgress: 558/635 tests (87%)FProgress: 559/635 tests (88%)FProgress: 560/635 tests (88%)FProgress: 561/635 tests (88%)FProgress: 562/635 tests (88%)                                    [ 91%]
tests/test_switch_auto.py .Progress: 563/635 tests (88%)                                              [ 91%]
tests/test_switch_chat_and_breaker.py FProgress: 564/635 tests (88%).Progress: 565/635 tests (88%)                                 [ 91%]
tests/test_switch_deepseek.py .Progress: 566/635 tests (89%)FProgress: 567/635 tests (89%)                                         [ 91%]
tests/test_switch_deepseek_staging.py .Progress: 568/635 tests (89%)                                  [ 91%]
tests/test_switch_hermes_flow.py .Progress: 569/635 tests (89%)FProgress: 570/635 tests (89%)FProgress: 571/635 tests (89%)FProgress: 572/635 tests (90%)                                    [ 92%]
tests/test_switch_hermes_shub_pipeline.py .Progress: 573/635 tests (90%).Progress: 574/635 tests (90%).Progress: 575/635 tests (90%)FProgress: 576/635 tests (90%).Progress: 577/635 tests (90%)                          [ 93%]
tests/test_switch_hermes_v7.py .Progress: 578/635 tests (91%).Progress: 579/635 tests (91%).Progress: 580/635 tests (91%).Progress: 581/635 tests (91%).Progress: 582/635 tests (91%).Progress: 583/635 tests (91%).Progress: 584/635 tests (91%).Progress: 585/635 tests (92%).Progress: 586/635 tests (92%).Progress: 587/635 tests (92%).Progress: 588/635 tests (92%).Progress: 589/635 tests (92%).Progress: 590/635 tests (92%)                             [ 95%]
tests/test_switch_integration_v7.py .Progress: 591/635 tests (93%).Progress: 592/635 tests (93%).Progress: 593/635 tests (93%).Progress: 594/635 tests (93%).Progress: 595/635 tests (93%).Progress: 596/635 tests (93%).Progress: 597/635 tests (94%).Progress: 598/635 tests (94%)                             [ 96%]
tests/test_switch_local.py .Progress: 599/635 tests (94%)                                             [ 96%]
tests/test_switch_multiauto.py .Progress: 600/635 tests (94%).Progress: 601/635 tests (94%)                                        [ 97%]
tests/test_switch_providers.py .Progress: 602/635 tests (94%).Progress: 603/635 tests (94%)                                        [ 97%]
tests/test_switch_queue_consumer.py .Progress: 604/635 tests (95%)                                    [ 97%]
tests/test_switch_registry_enqueue.py .Progress: 605/635 tests (95%)                                  [ 97%]
tests/test_switch_scoring_breaker.py .Progress: 606/635 tests (95%)FProgress: 607/635 tests (95%)                                  [ 98%]
tests/test_tentaculo_link.py .Progress: 608/635 tests (95%)FProgress: 609/635 tests (95%)+++++++++++++++++++++++++++++++++++ Timeout ++++++++++++++++++++++++++++++++++++
~~~~~~~~~~~~~ Stack of ThreadPoolExecutor-149_0 (125909969393216) ~~~~~~~~~~~~~~
  File "/usr/lib/python3.10/threading.py", line 973, in _bootstrap
    self._bootstrap_inner()
  File "/usr/lib/python3.10/threading.py", line 1016, in _bootstrap_inner
    self.run()
  File "/usr/lib/python3.10/threading.py", line 953, in run
    self._target(*self._args, **self._kwargs)
  File "/usr/lib/python3.10/concurrent/futures/thread.py", line 83, in _worker
    work_item.run()
  File "/usr/lib/python3.10/concurrent/futures/thread.py", line 58, in run
    result = self.fn(*self.args, **self.kwargs)
  File "/home/elkakas314/vx11/.venv/lib/python3.10/site-packages/anyio/_core/_eventloop.py", line 68, in run
    return asynclib.run(func, *args, **backend_options)
  File "/home/elkakas314/vx11/.venv/lib/python3.10/site-packages/anyio/_backends/_asyncio.py", line 204, in run
    return native_run(wrapper(), debug=debug)
  File "/usr/lib/python3.10/asyncio/runners.py", line 44, in run
    return loop.run_until_complete(main)
  File "/usr/lib/python3.10/asyncio/base_events.py", line 636, in run_until_complete
    self.run_forever()
  File "/usr/lib/python3.10/asyncio/base_events.py", line 603, in run_forever
    self._run_once()
  File "/usr/lib/python3.10/asyncio/base_events.py", line 1871, in _run_once
    event_list = self._selector.select(timeout)
  File "/usr/lib/python3.10/selectors.py", line 469, in select
    fd_event_list = self._selector.poll(timeout, max_ev)
~~~~~~~~~~~~~~~~~~~~~ Stack of asyncio_4 (125909977785920) ~~~~~~~~~~~~~~~~~~~~~
  File "/usr/lib/python3.10/threading.py", line 973, in _bootstrap
    self._bootstrap_inner()
  File "/usr/lib/python3.10/threading.py", line 1016, in _bootstrap_inner
    self.run()
  File "/usr/lib/python3.10/threading.py", line 953, in run
    self._target(*self._args, **self._kwargs)
  File "/usr/lib/python3.10/concurrent/futures/thread.py", line 81, in _worker
    work_item = work_queue.get(block=True)
~~~~~~~~~~~~~~~~~~~~~ Stack of asyncio_3 (125909986178624) ~~~~~~~~~~~~~~~~~~~~~
  File "/usr/lib/python3.10/threading.py", line 973, in _bootstrap
    self._bootstrap_inner()
  File "/usr/lib/python3.10/threading.py", line 1016, in _bootstrap_inner
    self.run()
  File "/usr/lib/python3.10/threading.py", line 953, in run
    self._target(*self._args, **self._kwargs)
  File "/usr/lib/python3.10/concurrent/futures/thread.py", line 81, in _worker
    work_item = work_queue.get(block=True)
~~~~~~~~~~~~~~~~~~~~~ Stack of asyncio_2 (125910070064704) ~~~~~~~~~~~~~~~~~~~~~
  File "/usr/lib/python3.10/threading.py", line 973, in _bootstrap
    self._bootstrap_inner()
  File "/usr/lib/python3.10/threading.py", line 1016, in _bootstrap_inner
    self.run()
  File "/usr/lib/python3.10/threading.py", line 953, in run
    self._target(*self._args, **self._kwargs)
  File "/usr/lib/python3.10/concurrent/futures/thread.py", line 81, in _worker
    work_item = work_queue.get(block=True)
~~~~~~~~~~~~~~~~~~~~~ Stack of asyncio_1 (125910388831808) ~~~~~~~~~~~~~~~~~~~~~
  File "/usr/lib/python3.10/threading.py", line 973, in _bootstrap
    self._bootstrap_inner()
  File "/usr/lib/python3.10/threading.py", line 1016, in _bootstrap_inner
    self.run()
  File "/usr/lib/python3.10/threading.py", line 953, in run
    self._target(*self._args, **self._kwargs)
  File "/usr/lib/python3.10/concurrent/futures/thread.py", line 81, in _worker
    work_item = work_queue.get(block=True)
~~~~~~~~~~~~~~~~~~~~~ Stack of asyncio_0 (125910468523584) ~~~~~~~~~~~~~~~~~~~~~
  File "/usr/lib/python3.10/threading.py", line 973, in _bootstrap
    self._bootstrap_inner()
  File "/usr/lib/python3.10/threading.py", line 1016, in _bootstrap_inner
    self.run()
  File "/usr/lib/python3.10/threading.py", line 953, in run
    self._target(*self._args, **self._kwargs)
  File "/usr/lib/python3.10/concurrent/futures/thread.py", line 81, in _worker
    work_item = work_queue.get(block=True)
+++++++++++++++++++++++++++++++++++ Timeout ++++++++++++++++++++++++++++++++++++
FProgress: 610/635 tests (96%)FProgress: 611/635 tests (96%)                                                                       [ 98%]
tests/test_v2_advanced.py FProgress: 612/635 tests (96%)FProgress: 613/635 tests (96%)FProgress: 614/635 tests (96%).Progress: 615/635 tests (96%).Progress: 616/635 tests (97%).Progress: 617/635 tests (97%)FProgress: 618/635 tests (97%)FProgress: 619/635 tests (97%)                                       [100%]

=================================== FAILURES ===================================
____________ TestContext7ManagerAdvanced.test_manager_access_order _____________
tests/test_context7_v7.py:86: in test_manager_access_order
    assert "sess-2" not in manager.sessions
E   AssertionError: assert 'sess-2' not in {'sess-2': <tentaculo_link.context7_middleware.Context7Session object at 0x7283d0dbc190>, 'sess-3': <tentaculo_link.co...ion object at 0x7283d0dbc760>, 'sess-4': <tentaculo_link.context7_middleware.Context7Session object at 0x7283d0dbc7f0>}
E    +  where {'sess-2': <tentaculo_link.context7_middleware.Context7Session object at 0x7283d0dbc190>, 'sess-3': <tentaculo_link.co...ion object at 0x7283d0dbc760>, 'sess-4': <tentaculo_link.context7_middleware.Context7Session object at 0x7283d0dbc7f0>} = <tentaculo_link.context7_middleware.Context7Manager object at 0x7283d0dbc610>.sessions
_________ TestAdaptiveModesIntegration.test_provider_profiles_defined __________
tests/test_dynamic_optimization.py:149: in test_provider_profiles_defined
    from switch.main import MODE_PROFILES
E   ImportError: cannot import name 'MODE_PROFILES' from 'switch.main' (/home/elkakas314/vx11/switch/main.py)
__________ TestAdaptiveModesIntegration.test_eco_vs_critical_profiles __________
tests/test_dynamic_optimization.py:164: in test_eco_vs_critical_profiles
    from switch.main import MODE_PROFILES
E   ImportError: cannot import name 'MODE_PROFILES' from 'switch.main' (/home/elkakas314/vx11/switch/main.py)
___________________ TestModuleClients.test_client_get_health ___________________
tests/test_gateway_v7.py:136: in test_client_get_health
    assert "error" in result or "status" in result
E   TypeError: argument of type 'coroutine' is not iterable
____________________________ test_hormiguero_health ____________________________
tests/test_health_smoke.py:46: in test_hormiguero_health
    from hormiguero.main import app, VX11_TOKEN, settings
E   ImportError: cannot import name 'VX11_TOKEN' from 'hormiguero.main' (/home/elkakas314/vx11/hormiguero/main.py)
_________________________ test_operator_backend_health _________________________
tests/test_health_smoke.py:61: in test_operator_backend_health
    from operator_backend.backend.main import app
E   ModuleNotFoundError: No module named 'operator_backend.backend.main'
________________________ test_waveform_and_spectrogram _________________________
tests/test_hermes_waveform.py:25: in test_waveform_and_spectrogram
    assert wf.status_code == 200, wf.text
E   AssertionError: {"detail":"Not Found"}
E   assert 404 == 200
E    +  where 404 = <Response [404 Not Found]>.status_code
__________________________ test_create_and_list_task ___________________________
tests/test_hormiguero.py:12: in test_create_and_list_task
    assert r.status_code == 200
E   assert 404 == 200
E    +  where 404 = <Response [404 Not Found]>.status_code
______________________________ test_madre_status _______________________________
tests/test_madre_orchestration.py:58: in test_madre_status
    assert data["madre"] == "ok"
E   KeyError: 'madre'
____________ TestIntentProcessing.test_intent_creates_daughter_task ____________
tests/test_madre_spawner_v7.py:133: in test_intent_creates_daughter_task
    assert task is not None
E   assert None is not None
__________ TestIntentProcessing.test_intent_short_task_classification __________
tests/test_madre_spawner_v7.py:154: in test_intent_short_task_classification
    assert task.task_type == "short"
E   AttributeError: 'NoneType' object has no attribute 'task_type'
__________ TestIntentProcessing.test_intent_long_task_higher_retries ___________
tests/test_madre_spawner_v7.py:173: in test_intent_long_task_higher_retries
    assert task.max_retries == 5
E   AttributeError: 'NoneType' object has no attribute 'max_retries'
___________ TestTaskListing.test_list_active_tasks_default_statuses ____________
tests/test_madre_spawner_v7.py:197: in test_list_active_tasks_default_statuses
    assert data["count"] == 3
E   assert 74 == 3
___________ TestTaskListing.test_list_active_tasks_filter_by_status ____________
tests/test_madre_spawner_v7.py:218: in test_list_active_tasks_filter_by_status
    assert data["count"] == 1
E   assert 0 == 1
___________ TestTaskListing.test_list_active_hijas_default_statuses ____________
tests/test_madre_spawner_v7.py:249: in test_list_active_hijas_default_statuses
    assert data["count"] == 2
E   assert 23 == 2
___________ TestTaskListing.test_list_active_hijas_filter_by_status ____________
tests/test_madre_spawner_v7.py:279: in test_list_active_hijas_filter_by_status
    assert data["count"] == 2
E   assert 75 == 2
_______ TestTaskStatus.test_task_full_status_with_daughters_and_attempts _______
tests/test_madre_spawner_v7.py:327: in test_task_full_status_with_daughters_and_attempts
    assert data["task"]["status"] == "running"
E   AssertionError: assert 'cancelled' == 'running'
E     - running
E     + cancelled
_____________ TestTaskCancellation.test_cancel_task_and_daughters ______________
tests/test_madre_spawner_v7.py:378: in test_cancel_task_and_daughters
    assert updated_task.status == "cancelled"
E   AssertionError: assert 'running' == 'cancelled'
E     - cancelled
E     + running
_______ TestSchedulerAndTTL.test_scheduler_pending_to_spawned_transition _______
tests/test_madre_spawner_v7.py:408: in test_scheduler_pending_to_spawned_transition
    await _daughters_scheduler.__wrapped__(db_session)
E   AttributeError: 'function' object has no attribute '__wrapped__'
_________ TestErrorHandling.test_spawner_spawn_missing_parent_task_id __________
tests/test_madre_spawner_v7.py:737: in test_spawner_spawn_missing_parent_task_id
    assert response.status_code in [400, 422]
E   assert 404 in [400, 422]
E    +  where 404 = <Response [404 Not Found]>.status_code
_______________ TestPriorityMap.test_intent_priority_assignment ________________
tests/test_madre_spawner_v7.py:784: in test_intent_priority_assignment
    assert task.priority == 0  # shub = highest priority
E   AttributeError: 'NoneType' object has no attribute 'priority'
_______________ TestIntentLogging.test_intent_creates_audit_log ________________
tests/test_madre_spawner_v7.py:807: in test_intent_creates_audit_log
    assert log is not None
E   assert None is not None
________________________________ test_mcp_ping _________________________________
tests/test_mcp_action.py:8: in test_mcp_ping
    assert r.status_code == 200
E   assert 404 == 200
E    +  where 404 = <Response [404 Not Found]>.status_code
____________ TestSwitchModeControl.test_switch_control_set_mode_eco ____________
tests/test_modes_transition.py:41: in test_switch_control_set_mode_eco
    assert response.status_code == 200
E   assert 404 == 200
E    +  where 404 = <Response [404 Not Found]>.status_code
_________ TestSwitchModeControl.test_switch_control_set_mode_balanced __________
tests/test_modes_transition.py:53: in test_switch_control_set_mode_balanced
    assert response.status_code == 200
E   assert 404 == 200
E    +  where 404 = <Response [404 Not Found]>.status_code
_________ TestSwitchModeControl.test_switch_control_set_mode_high_perf _________
tests/test_modes_transition.py:62: in test_switch_control_set_mode_high_perf
    assert response.status_code == 200
E   assert 404 == 200
E    +  where 404 = <Response [404 Not Found]>.status_code
_________ TestSwitchModeControl.test_switch_control_set_mode_critical __________
tests/test_modes_transition.py:71: in test_switch_control_set_mode_critical
    assert response.status_code == 200
E   assert 404 == 200
E    +  where 404 = <Response [404 Not Found]>.status_code
____________ TestSwitchModeControl.test_switch_control_invalid_mode ____________
tests/test_modes_transition.py:80: in test_switch_control_invalid_mode
    assert response.status_code == 200  # FastAPI returns 200 with error in body
E   assert 404 == 200
E    +  where 404 = <Response [404 Not Found]>.status_code
______________ TestSwitchModeControl.test_switch_control_get_mode ______________
tests/test_modes_transition.py:90: in test_switch_control_get_mode
    assert response.status_code == 200
E   assert 404 == 200
E    +  where 404 = <Response [404 Not Found]>.status_code
_____________ TestSwitchModeControl.test_switch_control_list_modes _____________
tests/test_modes_transition.py:102: in test_switch_control_list_modes
    assert response.status_code == 200
E   assert 404 == 200
E    +  where 404 = <Response [404 Not Found]>.status_code
_____________ TestHormigueroWorkerScaling.test_hormiguero_scale_up _____________
tests/test_modes_transition.py:120: in test_hormiguero_scale_up
    assert response.status_code == 200
E   assert 404 == 200
E    +  where 404 = <Response [404 Not Found]>.status_code
____________ TestHormigueroWorkerScaling.test_hormiguero_scale_down ____________
tests/test_modes_transition.py:132: in test_hormiguero_scale_down
    assert response.status_code == 200
E   assert 404 == 200
E    +  where 404 = <Response [404 Not Found]>.status_code
___________ TestHormigueroWorkerScaling.test_hormiguero_get_metrics ____________
tests/test_modes_transition.py:143: in test_hormiguero_get_metrics
    assert response.status_code == 200
E   assert 404 == 200
E    +  where 404 = <Response [404 Not Found]>.status_code
_________________ TestMetricsEndpoints.test_switch_metrics_cpu _________________
tests/test_modes_transition.py:159: in test_switch_metrics_cpu
    assert data["metric"] == "cpu"
E   KeyError: 'metric'
_______________ TestMetricsEndpoints.test_switch_metrics_memory ________________
tests/test_modes_transition.py:169: in test_switch_metrics_memory
    assert data["metric"] == "memory"
E   KeyError: 'metric'
________________ TestMetricsEndpoints.test_switch_metrics_queue ________________
tests/test_modes_transition.py:179: in test_switch_metrics_queue
    assert data["metric"] == "queue"
E   KeyError: 'metric'
_____________ TestMetricsEndpoints.test_switch_metrics_throughput ______________
tests/test_modes_transition.py:188: in test_switch_metrics_throughput
    assert data["metric"] == "throughput"
E   KeyError: 'metric'
____________ TestMetricsEndpoints.test_hormiguero_metrics_endpoints ____________
tests/test_modes_transition.py:207: in test_hormiguero_metrics_endpoints
    assert response.status_code == 200
E   assert 404 == 200
E    +  where 404 = <Response [404 Not Found]>.status_code
____________ TestModeProfileStructure.test_all_modes_have_profiles _____________
tests/test_modes_transition.py:218: in test_all_modes_have_profiles
    from switch.main import MODE_PROFILES
E   ImportError: cannot import name 'MODE_PROFILES' from 'switch.main' (/home/elkakas314/vx11/switch/main.py)
__________________ TestModeProfileStructure.test_profile_keys __________________
tests/test_modes_transition.py:226: in test_profile_keys
    from switch.main import MODE_PROFILES
E   ImportError: cannot import name 'MODE_PROFILES' from 'switch.main' (/home/elkakas314/vx11/switch/main.py)
______________ TestModeProfileStructure.test_profile_values_valid ______________
tests/test_modes_transition.py:235: in test_profile_values_valid
    from switch.main import MODE_PROFILES
E   ImportError: cannot import name 'MODE_PROFILES' from 'switch.main' (/home/elkakas314/vx11/switch/main.py)
____________ TestModeProfileStructure.test_mode_progression_values _____________
tests/test_modes_transition.py:247: in test_mode_progression_values
    from switch.main import MODE_PROFILES
E   ImportError: cannot import name 'MODE_PROFILES' from 'switch.main' (/home/elkakas314/vx11/switch/main.py)
________ TestAdaptiveOptimizationIntegration.test_mode_control_workflow ________
tests/test_modes_transition.py:271: in test_mode_control_workflow
    assert get_response.status_code == 200
E   assert 404 == 200
E    +  where 404 = <Response [404 Not Found]>.status_code
_________ TestBrowserClientPlaywright.test_playwright_navigate_success _________
tests/test_operator_browser_v7.py:104: in test_playwright_navigate_success
    with patch("operator.backend.browser.async_playwright") as mock_pw:
/usr/lib/python3.10/unittest/mock.py:1431: in __enter__
    self.target = self.getter()
/usr/lib/python3.10/unittest/mock.py:1618: in <lambda>
    getter = lambda: _importer(target)
/usr/lib/python3.10/unittest/mock.py:1261: in _importer
    thing = _dot_lookup(thing, comp, import_path)
/usr/lib/python3.10/unittest/mock.py:1250: in _dot_lookup
    __import__(import_path)
E   ModuleNotFoundError: No module named 'operator.backend'; 'operator' is not a package
_________ TestBrowserClientPlaywright.test_playwright_navigate_timeout _________
tests/test_operator_browser_v7.py:135: in test_playwright_navigate_timeout
    with patch("operator.backend.browser.async_playwright") as mock_pw:
/usr/lib/python3.10/unittest/mock.py:1431: in __enter__
    self.target = self.getter()
/usr/lib/python3.10/unittest/mock.py:1618: in <lambda>
    getter = lambda: _importer(target)
/usr/lib/python3.10/unittest/mock.py:1261: in _importer
    thing = _dot_lookup(thing, comp, import_path)
/usr/lib/python3.10/unittest/mock.py:1250: in _dot_lookup
    __import__(import_path)
E   ModuleNotFoundError: No module named 'operator.backend'; 'operator' is not a package
____________ TestBrowserClientPlaywright.test_playwright_execute_js ____________
tests/test_operator_browser_v7.py:160: in test_playwright_execute_js
    with patch("operator.backend.browser.async_playwright") as mock_pw:
/usr/lib/python3.10/unittest/mock.py:1431: in __enter__
    self.target = self.getter()
/usr/lib/python3.10/unittest/mock.py:1618: in <lambda>
    getter = lambda: _importer(target)
/usr/lib/python3.10/unittest/mock.py:1261: in _importer
    thing = _dot_lookup(thing, comp, import_path)
/usr/lib/python3.10/unittest/mock.py:1250: in _dot_lookup
    __import__(import_path)
E   ModuleNotFoundError: No module named 'operator.backend'; 'operator' is not a package
____________ TestBrowserClientError.test_playwright_error_handling _____________
tests/test_operator_browser_v7.py:222: in test_playwright_error_handling
    with patch("operator.backend.browser.async_playwright") as mock_pw:
/usr/lib/python3.10/unittest/mock.py:1431: in __enter__
    self.target = self.getter()
/usr/lib/python3.10/unittest/mock.py:1618: in <lambda>
    getter = lambda: _importer(target)
/usr/lib/python3.10/unittest/mock.py:1261: in _importer
    thing = _dot_lookup(thing, comp, import_path)
/usr/lib/python3.10/unittest/mock.py:1250: in _dot_lookup
    __import__(import_path)
E   ModuleNotFoundError: No module named 'operator.backend'; 'operator' is not a package
___________________ TestOperatorSession.test_create_session ____________________
.venv/lib/python3.10/site-packages/sqlalchemy/engine/base.py:1969: in _exec_single_context
    self.dialect.do_execute(
.venv/lib/python3.10/site-packages/sqlalchemy/engine/default.py:922: in do_execute
    cursor.execute(statement, parameters)
E   sqlite3.IntegrityError: UNIQUE constraint failed: operator_session.session_id

The above exception was the direct cause of the following exception:
tests/test_operator_db_schema_v7.py:35: in test_create_session
    db_session.commit()
.venv/lib/python3.10/site-packages/sqlalchemy/orm/session.py:1969: in commit
    trans.commit(_to_root=True)
<string>:2: in commit
    ???
.venv/lib/python3.10/site-packages/sqlalchemy/orm/state_changes.py:139: in _go
    ret_value = fn(self, *arg, **kw)
.venv/lib/python3.10/site-packages/sqlalchemy/orm/session.py:1256: in commit
    self._prepare_impl()
<string>:2: in _prepare_impl
    ???
.venv/lib/python3.10/site-packages/sqlalchemy/orm/state_changes.py:139: in _go
    ret_value = fn(self, *arg, **kw)
.venv/lib/python3.10/site-packages/sqlalchemy/orm/session.py:1231: in _prepare_impl
    self.session.flush()
.venv/lib/python3.10/site-packages/sqlalchemy/orm/session.py:4312: in flush
    self._flush(objects)
.venv/lib/python3.10/site-packages/sqlalchemy/orm/session.py:4447: in _flush
    with util.safe_reraise():
.venv/lib/python3.10/site-packages/sqlalchemy/util/langhelpers.py:146: in __exit__
    raise exc_value.with_traceback(exc_tb)
.venv/lib/python3.10/site-packages/sqlalchemy/orm/session.py:4408: in _flush
    flush_context.execute()
.venv/lib/python3.10/site-packages/sqlalchemy/orm/unitofwork.py:466: in execute
    rec.execute(self)
.venv/lib/python3.10/site-packages/sqlalchemy/orm/unitofwork.py:642: in execute
    util.preloaded.orm_persistence.save_obj(
.venv/lib/python3.10/site-packages/sqlalchemy/orm/persistence.py:93: in save_obj
    _emit_insert_statements(
.venv/lib/python3.10/site-packages/sqlalchemy/orm/persistence.py:1226: in _emit_insert_statements
    result = connection.execute(
.venv/lib/python3.10/site-packages/sqlalchemy/engine/base.py:1416: in execute
    return meth(
.venv/lib/python3.10/site-packages/sqlalchemy/sql/elements.py:516: in _execute_on_connection
    return connection._execute_clauseelement(
.venv/lib/python3.10/site-packages/sqlalchemy/engine/base.py:1639: in _execute_clauseelement
    ret = self._execute_context(
.venv/lib/python3.10/site-packages/sqlalchemy/engine/base.py:1848: in _execute_context
    return self._exec_single_context(
.venv/lib/python3.10/site-packages/sqlalchemy/engine/base.py:1988: in _exec_single_context
    self._handle_dbapi_exception(
.venv/lib/python3.10/site-packages/sqlalchemy/engine/base.py:2343: in _handle_dbapi_exception
    raise sqlalchemy_exception.with_traceback(exc_info[2]) from e
.venv/lib/python3.10/site-packages/sqlalchemy/engine/base.py:1969: in _exec_single_context
    self.dialect.do_execute(
.venv/lib/python3.10/site-packages/sqlalchemy/engine/default.py:922: in do_execute
    cursor.execute(statement, parameters)
E   sqlalchemy.exc.IntegrityError: (sqlite3.IntegrityError) UNIQUE constraint failed: operator_session.session_id
E   [SQL: INSERT INTO operator_session (session_id, user_id, source, created_at, updated_at) VALUES (?, ?, ?, ?, ?)]
E   [parameters: ('test-session-001', 'test-user', 'web', '2025-12-15 19:35:03.952045', '2025-12-15 19:35:03.952050')]
E   (Background on this error at: https://sqlalche.me/e/20/gkpj)
___________________ TestOperatorMessage.test_create_message ____________________
.venv/lib/python3.10/site-packages/sqlalchemy/engine/base.py:1969: in _exec_single_context
    self.dialect.do_execute(
.venv/lib/python3.10/site-packages/sqlalchemy/engine/default.py:922: in do_execute
    cursor.execute(statement, parameters)
E   sqlite3.IntegrityError: UNIQUE constraint failed: operator_session.session_id

The above exception was the direct cause of the following exception:
tests/test_operator_db_schema_v7.py:56: in test_create_message
    db_session.commit()
.venv/lib/python3.10/site-packages/sqlalchemy/orm/session.py:1969: in commit
    trans.commit(_to_root=True)
<string>:2: in commit
    ???
.venv/lib/python3.10/site-packages/sqlalchemy/orm/state_changes.py:139: in _go
    ret_value = fn(self, *arg, **kw)
.venv/lib/python3.10/site-packages/sqlalchemy/orm/session.py:1256: in commit
    self._prepare_impl()
<string>:2: in _prepare_impl
    ???
.venv/lib/python3.10/site-packages/sqlalchemy/orm/state_changes.py:139: in _go
    ret_value = fn(self, *arg, **kw)
.venv/lib/python3.10/site-packages/sqlalchemy/orm/session.py:1231: in _prepare_impl
    self.session.flush()
.venv/lib/python3.10/site-packages/sqlalchemy/orm/session.py:4312: in flush
    self._flush(objects)
.venv/lib/python3.10/site-packages/sqlalchemy/orm/session.py:4447: in _flush
    with util.safe_reraise():
.venv/lib/python3.10/site-packages/sqlalchemy/util/langhelpers.py:146: in __exit__
    raise exc_value.with_traceback(exc_tb)
.venv/lib/python3.10/site-packages/sqlalchemy/orm/session.py:4408: in _flush
    flush_context.execute()
.venv/lib/python3.10/site-packages/sqlalchemy/orm/unitofwork.py:466: in execute
    rec.execute(self)
.venv/lib/python3.10/site-packages/sqlalchemy/orm/unitofwork.py:642: in execute
    util.preloaded.orm_persistence.save_obj(
.venv/lib/python3.10/site-packages/sqlalchemy/orm/persistence.py:93: in save_obj
    _emit_insert_statements(
.venv/lib/python3.10/site-packages/sqlalchemy/orm/persistence.py:1226: in _emit_insert_statements
    result = connection.execute(
.venv/lib/python3.10/site-packages/sqlalchemy/engine/base.py:1416: in execute
    return meth(
.venv/lib/python3.10/site-packages/sqlalchemy/sql/elements.py:516: in _execute_on_connection
    return connection._execute_clauseelement(
.venv/lib/python3.10/site-packages/sqlalchemy/engine/base.py:1639: in _execute_clauseelement
    ret = self._execute_context(
.venv/lib/python3.10/site-packages/sqlalchemy/engine/base.py:1848: in _execute_context
    return self._exec_single_context(
.venv/lib/python3.10/site-packages/sqlalchemy/engine/base.py:1988: in _exec_single_context
    self._handle_dbapi_exception(
.venv/lib/python3.10/site-packages/sqlalchemy/engine/base.py:2343: in _handle_dbapi_exception
    raise sqlalchemy_exception.with_traceback(exc_info[2]) from e
.venv/lib/python3.10/site-packages/sqlalchemy/engine/base.py:1969: in _exec_single_context
    self.dialect.do_execute(
.venv/lib/python3.10/site-packages/sqlalchemy/engine/default.py:922: in do_execute
    cursor.execute(statement, parameters)
E   sqlalchemy.exc.IntegrityError: (sqlite3.IntegrityError) UNIQUE constraint failed: operator_session.session_id
E   [SQL: INSERT INTO operator_session (session_id, user_id, source, created_at, updated_at) VALUES (?, ?, ?, ?, ?)]
E   [parameters: ('test-msg-session', 'test-user', 'web', '2025-12-15 19:35:04.952293', '2025-12-15 19:35:04.952297')]
E   (Background on this error at: https://sqlalche.me/e/20/gkpj)
__________________ TestOperatorToolCall.test_create_tool_call __________________
.venv/lib/python3.10/site-packages/sqlalchemy/engine/base.py:1969: in _exec_single_context
    self.dialect.do_execute(
.venv/lib/python3.10/site-packages/sqlalchemy/engine/default.py:922: in do_execute
    cursor.execute(statement, parameters)
E   sqlite3.IntegrityError: UNIQUE constraint failed: operator_session.session_id

The above exception was the direct cause of the following exception:
tests/test_operator_db_schema_v7.py:83: in test_create_tool_call
    db_session.commit()
.venv/lib/python3.10/site-packages/sqlalchemy/orm/session.py:1969: in commit
    trans.commit(_to_root=True)
<string>:2: in commit
    ???
.venv/lib/python3.10/site-packages/sqlalchemy/orm/state_changes.py:139: in _go
    ret_value = fn(self, *arg, **kw)
.venv/lib/python3.10/site-packages/sqlalchemy/orm/session.py:1256: in commit
    self._prepare_impl()
<string>:2: in _prepare_impl
    ???
.venv/lib/python3.10/site-packages/sqlalchemy/orm/state_changes.py:139: in _go
    ret_value = fn(self, *arg, **kw)
.venv/lib/python3.10/site-packages/sqlalchemy/orm/session.py:1231: in _prepare_impl
    self.session.flush()
.venv/lib/python3.10/site-packages/sqlalchemy/orm/session.py:4312: in flush
    self._flush(objects)
.venv/lib/python3.10/site-packages/sqlalchemy/orm/session.py:4447: in _flush
    with util.safe_reraise():
.venv/lib/python3.10/site-packages/sqlalchemy/util/langhelpers.py:146: in __exit__
    raise exc_value.with_traceback(exc_tb)
.venv/lib/python3.10/site-packages/sqlalchemy/orm/session.py:4408: in _flush
    flush_context.execute()
.venv/lib/python3.10/site-packages/sqlalchemy/orm/unitofwork.py:466: in execute
    rec.execute(self)
.venv/lib/python3.10/site-packages/sqlalchemy/orm/unitofwork.py:642: in execute
    util.preloaded.orm_persistence.save_obj(
.venv/lib/python3.10/site-packages/sqlalchemy/orm/persistence.py:93: in save_obj
    _emit_insert_statements(
.venv/lib/python3.10/site-packages/sqlalchemy/orm/persistence.py:1226: in _emit_insert_statements
    result = connection.execute(
.venv/lib/python3.10/site-packages/sqlalchemy/engine/base.py:1416: in execute
    return meth(
.venv/lib/python3.10/site-packages/sqlalchemy/sql/elements.py:516: in _execute_on_connection
    return connection._execute_clauseelement(
.venv/lib/python3.10/site-packages/sqlalchemy/engine/base.py:1639: in _execute_clauseelement
    ret = self._execute_context(
.venv/lib/python3.10/site-packages/sqlalchemy/engine/base.py:1848: in _execute_context
    return self._exec_single_context(
.venv/lib/python3.10/site-packages/sqlalchemy/engine/base.py:1988: in _exec_single_context
    self._handle_dbapi_exception(
.venv/lib/python3.10/site-packages/sqlalchemy/engine/base.py:2343: in _handle_dbapi_exception
    raise sqlalchemy_exception.with_traceback(exc_info[2]) from e
.venv/lib/python3.10/site-packages/sqlalchemy/engine/base.py:1969: in _exec_single_context
    self.dialect.do_execute(
.venv/lib/python3.10/site-packages/sqlalchemy/engine/default.py:922: in do_execute
    cursor.execute(statement, parameters)
E   sqlalchemy.exc.IntegrityError: (sqlite3.IntegrityError) UNIQUE constraint failed: operator_session.session_id
E   [SQL: INSERT INTO operator_session (session_id, user_id, source, created_at, updated_at) VALUES (?, ?, ?, ?, ?)]
E   [parameters: ('test-tool-session', 'user', 'web', '2025-12-15 19:35:06.644283', '2025-12-15 19:35:06.644288')]
E   (Background on this error at: https://sqlalche.me/e/20/gkpj)
_______________ TestOperatorBrowserTask.test_create_browser_task _______________
.venv/lib/python3.10/site-packages/sqlalchemy/engine/base.py:1969: in _exec_single_context
    self.dialect.do_execute(
.venv/lib/python3.10/site-packages/sqlalchemy/engine/default.py:922: in do_execute
    cursor.execute(statement, parameters)
E   sqlite3.IntegrityError: UNIQUE constraint failed: operator_session.session_id

The above exception was the direct cause of the following exception:
tests/test_operator_db_schema_v7.py:118: in test_create_browser_task
    db_session.commit()
.venv/lib/python3.10/site-packages/sqlalchemy/orm/session.py:1969: in commit
    trans.commit(_to_root=True)
<string>:2: in commit
    ???
.venv/lib/python3.10/site-packages/sqlalchemy/orm/state_changes.py:139: in _go
    ret_value = fn(self, *arg, **kw)
.venv/lib/python3.10/site-packages/sqlalchemy/orm/session.py:1256: in commit
    self._prepare_impl()
<string>:2: in _prepare_impl
    ???
.venv/lib/python3.10/site-packages/sqlalchemy/orm/state_changes.py:139: in _go
    ret_value = fn(self, *arg, **kw)
.venv/lib/python3.10/site-packages/sqlalchemy/orm/session.py:1231: in _prepare_impl
    self.session.flush()
.venv/lib/python3.10/site-packages/sqlalchemy/orm/session.py:4312: in flush
    self._flush(objects)
.venv/lib/python3.10/site-packages/sqlalchemy/orm/session.py:4447: in _flush
    with util.safe_reraise():
.venv/lib/python3.10/site-packages/sqlalchemy/util/langhelpers.py:146: in __exit__
    raise exc_value.with_traceback(exc_tb)
.venv/lib/python3.10/site-packages/sqlalchemy/orm/session.py:4408: in _flush
    flush_context.execute()
.venv/lib/python3.10/site-packages/sqlalchemy/orm/unitofwork.py:466: in execute
    rec.execute(self)
.venv/lib/python3.10/site-packages/sqlalchemy/orm/unitofwork.py:642: in execute
    util.preloaded.orm_persistence.save_obj(
.venv/lib/python3.10/site-packages/sqlalchemy/orm/persistence.py:93: in save_obj
    _emit_insert_statements(
.venv/lib/python3.10/site-packages/sqlalchemy/orm/persistence.py:1226: in _emit_insert_statements
    result = connection.execute(
.venv/lib/python3.10/site-packages/sqlalchemy/engine/base.py:1416: in execute
    return meth(
.venv/lib/python3.10/site-packages/sqlalchemy/sql/elements.py:516: in _execute_on_connection
    return connection._execute_clauseelement(
.venv/lib/python3.10/site-packages/sqlalchemy/engine/base.py:1639: in _execute_clauseelement
    ret = self._execute_context(
.venv/lib/python3.10/site-packages/sqlalchemy/engine/base.py:1848: in _execute_context
    return self._exec_single_context(
.venv/lib/python3.10/site-packages/sqlalchemy/engine/base.py:1988: in _exec_single_context
    self._handle_dbapi_exception(
.venv/lib/python3.10/site-packages/sqlalchemy/engine/base.py:2343: in _handle_dbapi_exception
    raise sqlalchemy_exception.with_traceback(exc_info[2]) from e
.venv/lib/python3.10/site-packages/sqlalchemy/engine/base.py:1969: in _exec_single_context
    self.dialect.do_execute(
.venv/lib/python3.10/site-packages/sqlalchemy/engine/default.py:922: in do_execute
    cursor.execute(statement, parameters)
E   sqlalchemy.exc.IntegrityError: (sqlite3.IntegrityError) UNIQUE constraint failed: operator_session.session_id
E   [SQL: INSERT INTO operator_session (session_id, user_id, source, created_at, updated_at) VALUES (?, ?, ?, ?, ?)]
E   [parameters: ('test-browser-session', 'user', 'web', '2025-12-15 19:35:07.928411', '2025-12-15 19:35:07.928415')]
E   (Background on this error at: https://sqlalche.me/e/20/gkpj)
_____________ TestOperatorSwitchAdjustment.test_create_adjustment ______________
.venv/lib/python3.10/site-packages/sqlalchemy/engine/base.py:1969: in _exec_single_context
    self.dialect.do_execute(
.venv/lib/python3.10/site-packages/sqlalchemy/engine/default.py:922: in do_execute
    cursor.execute(statement, parameters)
E   sqlite3.IntegrityError: UNIQUE constraint failed: operator_session.session_id

The above exception was the direct cause of the following exception:
tests/test_operator_db_schema_v7.py:142: in test_create_adjustment
    db_session.commit()
.venv/lib/python3.10/site-packages/sqlalchemy/orm/session.py:1969: in commit
    trans.commit(_to_root=True)
<string>:2: in commit
    ???
.venv/lib/python3.10/site-packages/sqlalchemy/orm/state_changes.py:139: in _go
    ret_value = fn(self, *arg, **kw)
.venv/lib/python3.10/site-packages/sqlalchemy/orm/session.py:1256: in commit
    self._prepare_impl()
<string>:2: in _prepare_impl
    ???
.venv/lib/python3.10/site-packages/sqlalchemy/orm/state_changes.py:139: in _go
    ret_value = fn(self, *arg, **kw)
.venv/lib/python3.10/site-packages/sqlalchemy/orm/session.py:1231: in _prepare_impl
    self.session.flush()
.venv/lib/python3.10/site-packages/sqlalchemy/orm/session.py:4312: in flush
    self._flush(objects)
.venv/lib/python3.10/site-packages/sqlalchemy/orm/session.py:4447: in _flush
    with util.safe_reraise():
.venv/lib/python3.10/site-packages/sqlalchemy/util/langhelpers.py:146: in __exit__
    raise exc_value.with_traceback(exc_tb)
.venv/lib/python3.10/site-packages/sqlalchemy/orm/session.py:4408: in _flush
    flush_context.execute()
.venv/lib/python3.10/site-packages/sqlalchemy/orm/unitofwork.py:466: in execute
    rec.execute(self)
.venv/lib/python3.10/site-packages/sqlalchemy/orm/unitofwork.py:642: in execute
    util.preloaded.orm_persistence.save_obj(
.venv/lib/python3.10/site-packages/sqlalchemy/orm/persistence.py:93: in save_obj
    _emit_insert_statements(
.venv/lib/python3.10/site-packages/sqlalchemy/orm/persistence.py:1226: in _emit_insert_statements
    result = connection.execute(
.venv/lib/python3.10/site-packages/sqlalchemy/engine/base.py:1416: in execute
    return meth(
.venv/lib/python3.10/site-packages/sqlalchemy/sql/elements.py:516: in _execute_on_connection
    return connection._execute_clauseelement(
.venv/lib/python3.10/site-packages/sqlalchemy/engine/base.py:1639: in _execute_clauseelement
    ret = self._execute_context(
.venv/lib/python3.10/site-packages/sqlalchemy/engine/base.py:1848: in _execute_context
    return self._exec_single_context(
.venv/lib/python3.10/site-packages/sqlalchemy/engine/base.py:1988: in _exec_single_context
    self._handle_dbapi_exception(
.venv/lib/python3.10/site-packages/sqlalchemy/engine/base.py:2343: in _handle_dbapi_exception
    raise sqlalchemy_exception.with_traceback(exc_info[2]) from e
.venv/lib/python3.10/site-packages/sqlalchemy/engine/base.py:1969: in _exec_single_context
    self.dialect.do_execute(
.venv/lib/python3.10/site-packages/sqlalchemy/engine/default.py:922: in do_execute
    cursor.execute(statement, parameters)
E   sqlalchemy.exc.IntegrityError: (sqlite3.IntegrityError) UNIQUE constraint failed: operator_session.session_id
E   [SQL: INSERT INTO operator_session (session_id, user_id, source, created_at, updated_at) VALUES (?, ?, ?, ?, ?)]
E   [parameters: ('test-adj-session', 'user', 'web', '2025-12-15 19:35:09.082275', '2025-12-15 19:35:09.082280')]
E   (Background on this error at: https://sqlalche.me/e/20/gkpj)
__________________________ test_operator_intent_proxy __________________________
.venv/lib/python3.10/site-packages/_pytest/monkeypatch.py:76: in resolve
    __import__(used)
E   ModuleNotFoundError: No module named 'operator.backend'; 'operator' is not a package

The above exception was the direct cause of the following exception:
tests/test_operator_switch_hermes_flow.py:51: in test_operator_intent_proxy
    monkeypatch.setattr("operator.backend.main.switch_client.chat", dummy_chat)
.venv/lib/python3.10/site-packages/_pytest/monkeypatch.py:103: in derive_importpath
    target = resolve(module)
.venv/lib/python3.10/site-packages/_pytest/monkeypatch.py:82: in resolve
    raise ImportError(f"import error in {used}: {ex}") from ex
E   ImportError: import error in operator.backend: No module named 'operator.backend'; 'operator' is not a package
__________________________ test_ui_status_aggregates ___________________________
.venv/lib/python3.10/site-packages/_pytest/monkeypatch.py:76: in resolve
    __import__(used)
E   ModuleNotFoundError: No module named 'operator.backend'; 'operator' is not a package

The above exception was the direct cause of the following exception:
tests/test_operator_ui_status_events.py:53: in test_ui_status_aggregates
    monkeypatch.setattr("operator.backend.main.get_http_client", _dummy_get_http_client)
.venv/lib/python3.10/site-packages/_pytest/monkeypatch.py:103: in derive_importpath
    target = resolve(module)
.venv/lib/python3.10/site-packages/_pytest/monkeypatch.py:82: in resolve
    raise ImportError(f"import error in {used}: {ex}") from ex
E   ImportError: import error in operator.backend: No module named 'operator.backend'; 'operator' is not a package
________________________ test_ui_events_registers_chat _________________________
.venv/lib/python3.10/site-packages/_pytest/monkeypatch.py:76: in resolve
    __import__(used)
E   ModuleNotFoundError: No module named 'operator.backend'; 'operator' is not a package

The above exception was the direct cause of the following exception:
tests/test_operator_ui_status_events.py:69: in test_ui_events_registers_chat
    monkeypatch.setattr("operator.backend.main.switch_client.chat", dummy_chat)
.venv/lib/python3.10/site-packages/_pytest/monkeypatch.py:103: in derive_importpath
    target = resolve(module)
.venv/lib/python3.10/site-packages/_pytest/monkeypatch.py:82: in resolve
    raise ImportError(f"import error in {used}: {ex}") from ex
E   ImportError: import error in operator.backend: No module named 'operator.backend'; 'operator' is not a package
_______________________ test_ui_status_includes_version ________________________
tests/test_operator_version_core.py:21: in test_ui_status_includes_version
    assert resp.status_code == 200
E   assert 404 == 200
E    +  where 404 = <Response [404 Not Found]>.status_code
____________ TestSwitchHermesEndpoints.test_select_engine_endpoint _____________
tests/test_pnp_and_integration.py:279: in test_select_engine_endpoint
    assert response.status_code == 200
E   assert 422 == 200
E    +  where 422 = <Response [422 Unprocessable Entity]>.status_code
____________ TestSwitchHermesEndpoints.test_record_result_endpoint _____________
tests/test_pnp_and_integration.py:297: in test_record_result_endpoint
    assert response.status_code == 200
E   assert 404 == 200
E    +  where 404 = <Response [404 Not Found]>.status_code
____________ TestSwitchHermesEndpoints.test_hermes_status_endpoint _____________
tests/test_pnp_and_integration.py:307: in test_hermes_status_endpoint
    assert response.status_code == 200
E   assert 404 == 200
E    +  where 404 = <Response [404 Not Found]>.status_code
__________ TestAudioBatchEngineAutonomy.test_batch_engine_enqueue_job __________
tests/test_shub_autonomy_e2e.py:288: in test_batch_engine_enqueue_job
    result = await engine.enqueue_job(
E   TypeError: AudioBatchEngine.enqueue_job() got an unexpected keyword argument 'files'
__________ TestAudioBatchEngineAutonomy.test_batch_engine_get_status ___________
tests/test_shub_autonomy_e2e.py:304: in test_batch_engine_get_status
    enqueue_result = await engine.enqueue_job(
E   TypeError: AudioBatchEngine.enqueue_job() got an unexpected keyword argument 'files'
______ TestVirtualEngineerAutonomy.test_virtual_engineer_decide_priority _______
tests/test_shub_autonomy_e2e.py:343: in test_virtual_engineer_decide_priority
    assert 1 <= priority <= 10
E   TypeError: '<=' not supported between instances of 'int' and 'coroutine'
____ TestVirtualEngineerAutonomy.test_virtual_engineer_decide_master_style _____
tests/test_shub_autonomy_e2e.py:358: in test_virtual_engineer_decide_master_style
    assert isinstance(style, str)
E   assert False
E    +  where False = isinstance(<coroutine object VirtualEngineer.decide_master_style at 0x7283cafa7990>, str)
_____________ TestShubAutonomyE2E.test_e2e_workflow_madre_to_shub ______________
tests/test_shub_autonomy_e2e.py:384: in test_e2e_workflow_madre_to_shub
    assert batch_result["status"] == "ok"
E   AssertionError: assert 'error' == 'ok'
E     - ok
E     + error
------------------------------ Captured log call -------------------------------
ERROR    vx11.shub.madre_handler:madre_shub_handler.py:229 [MADRE] Error encolando batch: BatchJob.__init__() got an unexpected keyword argument 'batch_name'
Traceback (most recent call last):
  File "/home/elkakas314/vx11/shubniggurath/api/madre_shub_handler.py", line 200, in handle_batch_task
    batch_job = BatchJob(
TypeError: BatchJob.__init__() got an unexpected keyword argument 'batch_name'
____ TestShubAutonomyE2E.test_e2e_workflow_batch_with_issues_to_hormiguero _____
tests/test_shub_autonomy_e2e.py:424: in test_e2e_workflow_batch_with_issues_to_hormiguero
    enqueue_result = await engine.enqueue_job(
E   TypeError: AudioBatchEngine.enqueue_job() got an unexpected keyword argument 'files'
__________ TestIntegrationShubCanonical.test_http_only_communication ___________
tests/test_shub_core.py:262: in test_http_only_communication
    assert forbidden not in imp, f"Found forbidden import in {file_path}: {imp}"
E   AssertionError: Found forbidden import in shubniggurath/core/audio_batch_engine.py: hormiguero.shub_audio_pheromones
E   assert 'hormiguero' not in 'hormiguero....o_pheromones'
E     'hormiguero' is contained here:
E       hormiguero.shub_audio_pheromones
E     ? ++++++++++
______________ TestDSPPipeline.test_run_full_pipeline_quick_mode _______________
tests/test_shub_dsp.py:60: in test_run_full_pipeline_quick_mode
    assert result['status'] == 'success'
E   AssertionError: assert 'error' == 'success'
E     - success
E     + error
________________ TestDSPPipeline.test_run_full_pipeline_mode_c _________________
tests/test_shub_dsp.py:77: in test_run_full_pipeline_mode_c
    assert result['status'] == 'success'
E   AssertionError: assert 'error' == 'success'
E     - success
E     + error
________________ TestDSPPipeline.test_audio_analysis_structure _________________
tests/test_shub_dsp.py:91: in test_audio_analysis_structure
    analysis = result['audio_analysis']
E   KeyError: 'audio_analysis'
___________________ TestDSPPipeline.test_fx_chain_generation ___________________
tests/test_shub_dsp.py:113: in test_fx_chain_generation
    fx_chain = result['fx_chain']
E   KeyError: 'fx_chain'
________________ TestDSPPipeline.test_reaper_preset_generation _________________
tests/test_shub_dsp.py:130: in test_reaper_preset_generation
    preset = result['reaper_preset']
E   KeyError: 'reaper_preset'
_______ TestDSPEngineIntegration.test_audio_analysis_dataclass_creation ________
tests/test_shub_dsp.py:158: in test_audio_analysis_dataclass_creation
    analysis = AudioAnalysis(
E   TypeError: AudioAnalysis.__init__() missing 3 required positional arguments: 'duration', 'sample_rate', and 'channels'
_____________________________ test_mode_c_endpoint _____________________________
tests/test_shub_mode_c.py:36: in test_mode_c_endpoint
    assert r.status_code == 200, r.text
E   AssertionError: {"detail":"Not Found"}
E   assert 404 == 200
E    +  where 404 = <Response [404 Not Found]>.status_code
___________________________ test_shub_execute_modes ____________________________
tests/test_shub_modes.py:11: in test_shub_execute_modes
    assert resp.status_code == 200
E   assert 404 == 200
E    +  where 404 = <Response [404 Not Found]>.status_code
______________________ TestDSPEngine.test_analyze_levels _______________________
tests/test_shub_pro.py:128: in test_analyze_levels
    assert -5 < result.rms_db < -1
E   AttributeError: 'AudioAnalysisResult' object has no attribute 'rms_db'. Did you mean: 'rms_dbfs'?
_____________________ TestDSPEngine.test_analyze_dynamics ______________________
tests/test_shub_pro.py:144: in test_analyze_dynamics
    assert result.dynamic_range_db > 5
E   AttributeError: 'AudioAnalysisResult' object has no attribute 'dynamic_range_db'. Did you mean: 'dynamic_range'?
______________________ TestDSPEngine.test_detect_clipping ______________________
tests/test_shub_pro.py:156: in test_detect_clipping
    assert "clipping" in result.issues
E   AssertionError: assert 'clipping' in [{'samples': 48000, 'severity': 1.0, 'type': 'clipping'}, {'offset': 1.5, 'severity': 1.0, 'type': 'dc_offset'}, {'noise_dbfs': 3.5218251811136247, 'severity': 1.0, 'type': 'high_noise_floor'}]
E    +  where [{'samples': 48000, 'severity': 1.0, 'type': 'clipping'}, {'offset': 1.5, 'severity': 1.0, 'type': 'dc_offset'}, {'noise_dbfs': 3.5218251811136247, 'severity': 1.0, 'type': 'high_noise_floor'}] = AudioAnalysisResult(duration=1.0, sample_rate=48000, channels=1, peak_dbfs=3.521825075149536, rms_dbfs=3.5218250751495...nsiderar normalización'}, {'area': 'quality', 'severity': 'warning', 'message': 'Se detectaron 3 problemas de audio'}]).issues
_____________________ TestDSPEngine.test_detect_dc_offset ______________________
tests/test_shub_pro.py:167: in test_detect_dc_offset
    assert "dc_offset" in result.issues
E   AssertionError: assert 'dc_offset' in [{'offset': 0.30000001192092896, 'severity': 1.0, 'type': 'dc_offset'}, {'noise_dbfs': -10.457574560460515, 'severity': 1.0, 'type': 'high_noise_floor'}]
E    +  where [{'offset': 0.30000001192092896, 'severity': 1.0, 'type': 'dc_offset'}, {'noise_dbfs': -10.457574560460515, 'severity': 1.0, 'type': 'high_noise_floor'}] = AudioAnalysisResult(duration=1.0, sample_rate=48000, channels=1, peak_dbfs=-10.457574129104614, rms_dbfs=-10.457572937...60515}], recommendations=[{'area': 'quality', 'severity': 'warning', 'message': 'Se detectaron 2 problemas de audio'}]).issues
_____________________ TestModeCPipeline.test_batch_process _____________________
tests/test_shub_pro.py:317: in test_batch_process
    assert result["success"]
E   assert False
______________ TestVirtualEngineer.test_rule_based_recommendation ______________
tests/test_shub_pro.py:348: in test_rule_based_recommendation
    analysis = AudioAnalysisResult(
E   TypeError: AudioAnalysisResult.__init__() got an unexpected keyword argument 'peak_db'
________________ TestVirtualEngineer.test_suggest_genre_preset _________________
tests/test_shub_pro.py:373: in test_suggest_genre_preset
    analysis = AudioAnalysisResult(
E   TypeError: AudioAnalysisResult.__init__() got an unexpected keyword argument 'peak_db'
______________________ TestShubCoreInit.test_db_init_step ______________________
tests/test_shub_pro.py:409: in test_db_init_step
    assert result["success"]
E   assert False
_________________ TestIntegration.test_full_pipeline_workflow __________________
shubniggurath/pro/dsp_pipeline_full.py:120: in run_pipeline
    job = ShubJob(
.venv/lib/python3.10/site-packages/sqlalchemy/orm/state.py:566: in _initialize_instance
    with util.safe_reraise():
.venv/lib/python3.10/site-packages/sqlalchemy/util/langhelpers.py:146: in __exit__
    raise exc_value.with_traceback(exc_tb)
.venv/lib/python3.10/site-packages/sqlalchemy/orm/state.py:564: in _initialize_instance
    manager.original_init(*mixed[1:], **kwargs)
.venv/lib/python3.10/site-packages/sqlalchemy/orm/decl_base.py:2142: in _declarative_constructor
    raise TypeError(
E   TypeError: 'uuid' is an invalid keyword argument for ShubJob

During handling of the above exception, another exception occurred:
tests/test_shub_pro.py:463: in test_full_pipeline_workflow
    result = await pipeline.run_pipeline(config)
shubniggurath/pro/dsp_pipeline_full.py:223: in run_pipeline
    job.status = JobStatus.FAILED.value
E   UnboundLocalError: local variable 'job' referenced before assignment
_____________________ TestIntegration.test_mode_c_with_fx ______________________
tests/test_shub_pro.py:479: in test_mode_c_with_fx
    assert result["success"]
E   assert False
________ TestShubCoreInitialization.test_initializer_creates_components ________
tests/test_shubniggurath_complete_suite.py:15: in test_initializer_creates_components
    from shubniggurath.core import ShubCoreInitializer
E   ImportError: cannot import name 'ShubCoreInitializer' from 'shubniggurath.core' (/home/elkakas314/vx11/shubniggurath/core/__init__.py)
______________________ TestDSPEngine.test_audio_analysis _______________________
tests/test_shubniggurath_complete_suite.py:35: in test_audio_analysis
    from shubniggurath.core import DSPEngine
E   ImportError: cannot import name 'DSPEngine' from 'shubniggurath.core' (/home/elkakas314/vx11/shubniggurath/core/__init__.py)
_______________________________ test_dsp_engine ________________________________
tests/test_shubniggurath_phase1.py:41: in test_dsp_engine
    result = await engine.analyze_audio(audio)
shubniggurath/core/dsp_engine.py:100: in analyze_audio
    pitch_dict, quality_dict) = await asyncio.gather(*tasks)
/usr/lib/python3.10/concurrent/futures/thread.py:58: in run
    result = self.fn(*self.args, **self.kwargs)
shubniggurath/core/dsp_engine.py:158: in _compute_spectral_features
    centroid = librosa.feature.spectral_centroid(S=S_db, sr=sr)[0]
.venv/lib/python3.10/site-packages/librosa/feature/spectral.py:173: in spectral_centroid
    raise ParameterError(
E   librosa.util.exceptions.ParameterError: Spectral centroid is only defined with non-negative energies
_____________________________ test_spawner_health ______________________________
tests/test_spawner_endpoints.py:25: in test_spawner_health
    assert data["module"] == "spawner"
E   KeyError: 'module'
___________________________ test_spawner_spawn_echo ____________________________
tests/test_spawner_endpoints.py:41: in test_spawner_spawn_echo
    assert resp.status_code == 200
E   assert 401 == 200
E    +  where 401 = <Response [401 Unauthorized]>.status_code
______________________________ test_spawner_list _______________________________
tests/test_spawner_endpoints.py:56: in test_spawner_list
    assert resp.status_code == 200
E   assert 404 == 200
E    +  where 404 = <Response [404 Not Found]>.status_code
____________________________ test_spawner_get_spawn ____________________________
tests/test_spawner_endpoints.py:74: in test_spawner_get_spawn
    spawn_id = spawn_resp.json()["id"]
E   KeyError: 'id'
______________________________ test_spawner_stop _______________________________
tests/test_spawner_endpoints.py:97: in test_spawner_stop
    spawn_id = spawn_resp.json()["id"]
E   KeyError: 'id'
__________________________ test_switch_chat_endpoint ___________________________
tests/test_switch_chat_and_breaker.py:12: in test_switch_chat_endpoint
    assert "reply" in data
E   AssertionError: assert 'reply' in {'content': '<coroutine object AsyncMockMixin._execute_mock_call at 0x7283c880fd80>', 'decision': 'cli', 'latency_ms': 11, 'provider': 'ollama_local', ...}
_______________ test_auto_fallback_to_local_when_no_deepseek_key _______________
tests/test_switch_deepseek.py:18: in test_auto_fallback_to_local_when_no_deepseek_key
    monkeypatch.setattr(switch_main, "DEEPSEEK_API_KEY", None)
E   AttributeError: <module 'switch.main' from '/home/elkakas314/vx11/switch/main.py'> has no attribute 'DEEPSEEK_API_KEY'
_______________________ test_hermes_execute_prunes_limit _______________________
tests/test_switch_hermes_flow.py:65: in test_hermes_execute_prunes_limit
    assert count <= 30
E   assert 31 <= 30
_________________________ test_spawner_sends_callback __________________________
tests/test_switch_hermes_flow.py:84: in test_spawner_sends_callback
    asyncio.get_event_loop().run_until_complete(asyncio.sleep(0.1))
/usr/lib/python3.10/asyncio/events.py:656: in get_event_loop
    raise RuntimeError('There is no current event loop in thread %r.'
E   RuntimeError: There is no current event loop in thread 'MainThread'.
__________________________ test_shub_execute_contract __________________________
tests/test_switch_hermes_flow.py:92: in test_shub_execute_contract
    assert resp.status_code == 200
E   assert 404 == 200
E    +  where 404 = <Response [404 Not Found]>.status_code
__________________________ test_best_models_filtering __________________________
tests/test_switch_hermes_shub_pipeline.py:38: in test_best_models_filtering
    assert any(item["name"] == name for item in models)
E   assert False
E    +  where False = any(<generator object test_best_models_filtering.<locals>.<genexpr> at 0x7283c880f290>)
__________________________ test_score_provider_basic ___________________________
tests/test_switch_scoring_breaker.py:33: in test_score_provider_basic
    score = sm._score_provider("provA")
switch/main.py:877: in _score_provider
    total = stats["success"] + stats["fail"]
E   KeyError: 'fail'
_____________________________ test_status_endpoint _____________________________
tests/test_tentaculo_link.py:18: in test_status_endpoint
    resp = client.get("/vx11/status")
.venv/lib/python3.10/site-packages/starlette/testclient.py:499: in get
    return super().get(
.venv/lib/python3.10/site-packages/httpx/_client.py:1041: in get
    return self.request(
.venv/lib/python3.10/site-packages/starlette/testclient.py:465: in request
    return super().request(
.venv/lib/python3.10/site-packages/httpx/_client.py:814: in request
    return self.send(request, auth=auth, follow_redirects=follow_redirects)
.venv/lib/python3.10/site-packages/httpx/_client.py:901: in send
    response = self._send_handling_auth(
.venv/lib/python3.10/site-packages/httpx/_client.py:929: in _send_handling_auth
    response = self._send_handling_redirects(
.venv/lib/python3.10/site-packages/httpx/_client.py:966: in _send_handling_redirects
    response = self._send_single_request(request)
.venv/lib/python3.10/site-packages/httpx/_client.py:1002: in _send_single_request
    response = transport.handle_request(request)
.venv/lib/python3.10/site-packages/starlette/testclient.py:342: in handle_request
    raise exc
.venv/lib/python3.10/site-packages/starlette/testclient.py:339: in handle_request
    portal.call(self.app, scope, receive, send)
.venv/lib/python3.10/site-packages/anyio/from_thread.py:277: in call
    return cast(T_Retval, self.start_task_soon(func, *args).result())
/usr/lib/python3.10/concurrent/futures/_base.py:458: in result
    return self.__get_result()
/usr/lib/python3.10/concurrent/futures/_base.py:403: in __get_result
    raise self._exception
.venv/lib/python3.10/site-packages/anyio/from_thread.py:217: in _call_func
    retval = await retval
.venv/lib/python3.10/site-packages/fastapi/applications.py:1106: in __call__
    await super().__call__(scope, receive, send)
.venv/lib/python3.10/site-packages/starlette/applications.py:122: in __call__
    await self.middleware_stack(scope, receive, send)
.venv/lib/python3.10/site-packages/starlette/middleware/errors.py:184: in __call__
    raise exc
.venv/lib/python3.10/site-packages/starlette/middleware/errors.py:162: in __call__
    await self.app(scope, receive, _send)
.venv/lib/python3.10/site-packages/starlette/middleware/cors.py:83: in __call__
    await self.app(scope, receive, send)
.venv/lib/python3.10/site-packages/starlette/middleware/exceptions.py:79: in __call__
    raise exc
.venv/lib/python3.10/site-packages/starlette/middleware/exceptions.py:68: in __call__
    await self.app(scope, receive, sender)
.venv/lib/python3.10/site-packages/fastapi/middleware/asyncexitstack.py:20: in __call__
    raise e
.venv/lib/python3.10/site-packages/fastapi/middleware/asyncexitstack.py:17: in __call__
    await self.app(scope, receive, send)
.venv/lib/python3.10/site-packages/starlette/routing.py:718: in __call__
    await route.handle(scope, receive, send)
.venv/lib/python3.10/site-packages/starlette/routing.py:276: in handle
    await self.app(scope, receive, send)
.venv/lib/python3.10/site-packages/starlette/routing.py:66: in app
    response = await func(request)
.venv/lib/python3.10/site-packages/fastapi/routing.py:274: in app
    raw_response = await run_endpoint_function(
.venv/lib/python3.10/site-packages/fastapi/routing.py:191: in run_endpoint_function
    return await dependant.call(**values)
tentaculo_link/main_v7.py:512: in vx11_status
    healthy_count = sum(1 for h in health_results.values() if h.get("status") == "ok")
tentaculo_link/main_v7.py:512: in <genexpr>
    healthy_count = sum(1 for h in health_results.values() if h.get("status") == "ok")
E   AttributeError: 'coroutine' object has no attribute 'get'
__________________________ test_websocket_basic_echo ___________________________
tests/test_tentaculo_link.py:30: in test_websocket_basic_echo
    first = websocket.receive_json()
.venv/lib/python3.10/site-packages/starlette/testclient.py:175: in receive_json
    message = self.receive()
.venv/lib/python3.10/site-packages/starlette/testclient.py:158: in receive
    message = self._send_queue.get()
/usr/lib/python3.10/queue.py:171: in get
    self.not_empty.wait()
/usr/lib/python3.10/threading.py:320: in wait
    waiter.acquire()
E   Failed: Timeout (>15.0s) from pytest-timeout.
_________________________ test_event_ingest_with_token _________________________
tests/test_tentaculo_link.py:48: in test_event_ingest_with_token
    assert resp.status_code == 200
E   assert 404 == 200
E    +  where 404 = <Response [404 Not Found]>.status_code
___________________________ test_switch_context_get ____________________________
tests/test_v2_advanced.py:17: in test_switch_context_get
    assert resp.status_code == 200
E   assert 404 == 200
E    +  where 404 = <Response [404 Not Found]>.status_code
__________________________ test_switch_providers_list __________________________
tests/test_v2_advanced.py:27: in test_switch_providers_list
    assert resp.status_code == 200
E   assert 404 == 200
E    +  where 404 = <Response [404 Not Found]>.status_code
__________________________ test_hermes_job_lifecycle ___________________________
tests/test_v2_advanced.py:42: in test_hermes_job_lifecycle
    assert exec_resp.status_code == 200
E   assert 404 == 200
E    +  where 404 = <Response [404 Not Found]>.status_code
_____________________________ test_mcp_chat_basic ______________________________
tests/test_v2_advanced.py:108: in test_mcp_chat_basic
    assert resp.status_code == 200
E   assert 404 == 200
E    +  where 404 = <Response [404 Not Found]>.status_code
___________________________ test_mcp_session_history ___________________________
tests/test_v2_advanced.py:124: in test_mcp_session_history
    assert resp1.status_code == 200
E   assert 404 == 200
E    +  where 404 = <Response [404 Not Found]>.status_code
=========================== short test summary info ============================
SKIPPED [1] tests/test_madre_orchestration.py:71: Madre endpoints not available (service may not have new routes)
SKIPPED [1] tests/test_mcp_switch_integration.py:13: integration tests require running services
SKIPPED [1] tests/test_mcp_switch_integration.py:27: integration tests require running services
SKIPPED [1] tests/test_phase12_fases2_10.py:31: integration tests require running services
SKIPPED [1] tests/test_phase12_fases2_10.py:57: integration tests require running services
SKIPPED [1] tests/test_phase12_fases2_10.py:79: integration tests require running services
SKIPPED [1] tests/test_phase12_fases2_10.py:94: integration tests require running services
SKIPPED [1] tests/test_phase12_fases2_10.py:108: integration tests require running services
SKIPPED [1] tests/test_phase12_fases2_10.py:123: integration tests require running services
SKIPPED [1] tests/test_phase12_fases2_10.py:136: integration tests require running services
SKIPPED [1] tests/test_phase12_fases2_10.py:157: integration tests require running services
SKIPPED [1] tests/test_phase12_fases2_10.py:175: integration tests require running services
SKIPPED [1] tests/test_phase12_fases2_10.py:190: integration tests require running services
SKIPPED [1] tests/test_phase12_fases2_10.py:212: integration tests require running services
SKIPPED [1] tests/test_phase12_fases2_10.py:226: integration tests require running services
SKIPPED [1] tests/test_phase12_fases2_10.py:236: integration tests require running services
SKIPPED [1] tests/test_phase12_fases2_10.py:253: integration tests require running services
SKIPPED [1] tests/test_shub_pro.py:119: Requiere librosa para análisis completo
FAILED tests/test_context7_v7.py::TestContext7ManagerAdvanced::test_manager_access_order
FAILED tests/test_dynamic_optimization.py::TestAdaptiveModesIntegration::test_provider_profiles_defined
FAILED tests/test_dynamic_optimization.py::TestAdaptiveModesIntegration::test_eco_vs_critical_profiles
FAILED tests/test_gateway_v7.py::TestModuleClients::test_client_get_health - ...
FAILED tests/test_health_smoke.py::test_hormiguero_health - ImportError: cann...
FAILED tests/test_health_smoke.py::test_operator_backend_health - ModuleNotFo...
FAILED tests/test_hermes_waveform.py::test_waveform_and_spectrogram - Asserti...
FAILED tests/test_hormiguero.py::test_create_and_list_task - assert 404 == 200
FAILED tests/test_madre_orchestration.py::test_madre_status - KeyError: 'madre'
FAILED tests/test_madre_spawner_v7.py::TestIntentProcessing::test_intent_creates_daughter_task
FAILED tests/test_madre_spawner_v7.py::TestIntentProcessing::test_intent_short_task_classification
FAILED tests/test_madre_spawner_v7.py::TestIntentProcessing::test_intent_long_task_higher_retries
FAILED tests/test_madre_spawner_v7.py::TestTaskListing::test_list_active_tasks_default_statuses
FAILED tests/test_madre_spawner_v7.py::TestTaskListing::test_list_active_tasks_filter_by_status
FAILED tests/test_madre_spawner_v7.py::TestTaskListing::test_list_active_hijas_default_statuses
FAILED tests/test_madre_spawner_v7.py::TestTaskListing::test_list_active_hijas_filter_by_status
FAILED tests/test_madre_spawner_v7.py::TestTaskStatus::test_task_full_status_with_daughters_and_attempts
FAILED tests/test_madre_spawner_v7.py::TestTaskCancellation::test_cancel_task_and_daughters
FAILED tests/test_madre_spawner_v7.py::TestSchedulerAndTTL::test_scheduler_pending_to_spawned_transition
FAILED tests/test_madre_spawner_v7.py::TestErrorHandling::test_spawner_spawn_missing_parent_task_id
FAILED tests/test_madre_spawner_v7.py::TestPriorityMap::test_intent_priority_assignment
FAILED tests/test_madre_spawner_v7.py::TestIntentLogging::test_intent_creates_audit_log
FAILED tests/test_mcp_action.py::test_mcp_ping - assert 404 == 200
FAILED tests/test_modes_transition.py::TestSwitchModeControl::test_switch_control_set_mode_eco
FAILED tests/test_modes_transition.py::TestSwitchModeControl::test_switch_control_set_mode_balanced
FAILED tests/test_modes_transition.py::TestSwitchModeControl::test_switch_control_set_mode_high_perf
FAILED tests/test_modes_transition.py::TestSwitchModeControl::test_switch_control_set_mode_critical
FAILED tests/test_modes_transition.py::TestSwitchModeControl::test_switch_control_invalid_mode
FAILED tests/test_modes_transition.py::TestSwitchModeControl::test_switch_control_get_mode
FAILED tests/test_modes_transition.py::TestSwitchModeControl::test_switch_control_list_modes
FAILED tests/test_modes_transition.py::TestHormigueroWorkerScaling::test_hormiguero_scale_up
FAILED tests/test_modes_transition.py::TestHormigueroWorkerScaling::test_hormiguero_scale_down
FAILED tests/test_modes_transition.py::TestHormigueroWorkerScaling::test_hormiguero_get_metrics
FAILED tests/test_modes_transition.py::TestMetricsEndpoints::test_switch_metrics_cpu
FAILED tests/test_modes_transition.py::TestMetricsEndpoints::test_switch_metrics_memory
FAILED tests/test_modes_transition.py::TestMetricsEndpoints::test_switch_metrics_queue
FAILED tests/test_modes_transition.py::TestMetricsEndpoints::test_switch_metrics_throughput
FAILED tests/test_modes_transition.py::TestMetricsEndpoints::test_hormiguero_metrics_endpoints
FAILED tests/test_modes_transition.py::TestModeProfileStructure::test_all_modes_have_profiles
FAILED tests/test_modes_transition.py::TestModeProfileStructure::test_profile_keys
FAILED tests/test_modes_transition.py::TestModeProfileStructure::test_profile_values_valid
FAILED tests/test_modes_transition.py::TestModeProfileStructure::test_mode_progression_values
FAILED tests/test_modes_transition.py::TestAdaptiveOptimizationIntegration::test_mode_control_workflow
FAILED tests/test_operator_browser_v7.py::TestBrowserClientPlaywright::test_playwright_navigate_success
FAILED tests/test_operator_browser_v7.py::TestBrowserClientPlaywright::test_playwright_navigate_timeout
FAILED tests/test_operator_browser_v7.py::TestBrowserClientPlaywright::test_playwright_execute_js
FAILED tests/test_operator_browser_v7.py::TestBrowserClientError::test_playwright_error_handling
FAILED tests/test_operator_db_schema_v7.py::TestOperatorSession::test_create_session
FAILED tests/test_operator_db_schema_v7.py::TestOperatorMessage::test_create_message
FAILED tests/test_operator_db_schema_v7.py::TestOperatorToolCall::test_create_tool_call
FAILED tests/test_operator_db_schema_v7.py::TestOperatorBrowserTask::test_create_browser_task
FAILED tests/test_operator_db_schema_v7.py::TestOperatorSwitchAdjustment::test_create_adjustment
FAILED tests/test_operator_switch_hermes_flow.py::test_operator_intent_proxy
FAILED tests/test_operator_ui_status_events.py::test_ui_status_aggregates - I...
FAILED tests/test_operator_ui_status_events.py::test_ui_events_registers_chat
FAILED tests/test_operator_version_core.py::test_ui_status_includes_version
FAILED tests/test_pnp_and_integration.py::TestSwitchHermesEndpoints::test_select_engine_endpoint
FAILED tests/test_pnp_and_integration.py::TestSwitchHermesEndpoints::test_record_result_endpoint
FAILED tests/test_pnp_and_integration.py::TestSwitchHermesEndpoints::test_hermes_status_endpoint
FAILED tests/test_shub_autonomy_e2e.py::TestAudioBatchEngineAutonomy::test_batch_engine_enqueue_job
FAILED tests/test_shub_autonomy_e2e.py::TestAudioBatchEngineAutonomy::test_batch_engine_get_status
FAILED tests/test_shub_autonomy_e2e.py::TestVirtualEngineerAutonomy::test_virtual_engineer_decide_priority
FAILED tests/test_shub_autonomy_e2e.py::TestVirtualEngineerAutonomy::test_virtual_engineer_decide_master_style
FAILED tests/test_shub_autonomy_e2e.py::TestShubAutonomyE2E::test_e2e_workflow_madre_to_shub
FAILED tests/test_shub_autonomy_e2e.py::TestShubAutonomyE2E::test_e2e_workflow_batch_with_issues_to_hormiguero
FAILED tests/test_shub_core.py::TestIntegrationShubCanonical::test_http_only_communication
FAILED tests/test_shub_dsp.py::TestDSPPipeline::test_run_full_pipeline_quick_mode
FAILED tests/test_shub_dsp.py::TestDSPPipeline::test_run_full_pipeline_mode_c
FAILED tests/test_shub_dsp.py::TestDSPPipeline::test_audio_analysis_structure
FAILED tests/test_shub_dsp.py::TestDSPPipeline::test_fx_chain_generation - Ke...
FAILED tests/test_shub_dsp.py::TestDSPPipeline::test_reaper_preset_generation
FAILED tests/test_shub_dsp.py::TestDSPEngineIntegration::test_audio_analysis_dataclass_creation
FAILED tests/test_shub_mode_c.py::test_mode_c_endpoint - AssertionError: {"de...
FAILED tests/test_shub_modes.py::test_shub_execute_modes - assert 404 == 200
FAILED tests/test_shub_pro.py::TestDSPEngine::test_analyze_levels - Attribute...
FAILED tests/test_shub_pro.py::TestDSPEngine::test_analyze_dynamics - Attribu...
FAILED tests/test_shub_pro.py::TestDSPEngine::test_detect_clipping - Assertio...
FAILED tests/test_shub_pro.py::TestDSPEngine::test_detect_dc_offset - Asserti...
FAILED tests/test_shub_pro.py::TestModeCPipeline::test_batch_process - assert...
FAILED tests/test_shub_pro.py::TestVirtualEngineer::test_rule_based_recommendation
FAILED tests/test_shub_pro.py::TestVirtualEngineer::test_suggest_genre_preset
FAILED tests/test_shub_pro.py::TestShubCoreInit::test_db_init_step - assert F...
FAILED tests/test_shub_pro.py::TestIntegration::test_full_pipeline_workflow
FAILED tests/test_shub_pro.py::TestIntegration::test_mode_c_with_fx - assert ...
FAILED tests/test_shubniggurath_complete_suite.py::TestShubCoreInitialization::test_initializer_creates_components
FAILED tests/test_shubniggurath_complete_suite.py::TestDSPEngine::test_audio_analysis
FAILED tests/test_shubniggurath_phase1.py::test_dsp_engine - librosa.util.exc...
FAILED tests/test_spawner_endpoints.py::test_spawner_health - KeyError: 'module'
FAILED tests/test_spawner_endpoints.py::test_spawner_spawn_echo - assert 401 ...
FAILED tests/test_spawner_endpoints.py::test_spawner_list - assert 404 == 200
FAILED tests/test_spawner_endpoints.py::test_spawner_get_spawn - KeyError: 'id'
FAILED tests/test_spawner_endpoints.py::test_spawner_stop - KeyError: 'id'
FAILED tests/test_switch_chat_and_breaker.py::test_switch_chat_endpoint - Ass...
FAILED tests/test_switch_deepseek.py::test_auto_fallback_to_local_when_no_deepseek_key
FAILED tests/test_switch_hermes_flow.py::test_hermes_execute_prunes_limit - a...
FAILED tests/test_switch_hermes_flow.py::test_spawner_sends_callback - Runtim...
FAILED tests/test_switch_hermes_flow.py::test_shub_execute_contract - assert ...
FAILED tests/test_switch_hermes_shub_pipeline.py::test_best_models_filtering
FAILED tests/test_switch_scoring_breaker.py::test_score_provider_basic - KeyE...
FAILED tests/test_tentaculo_link.py::test_status_endpoint - AttributeError: '...
FAILED tests/test_tentaculo_link.py::test_websocket_basic_echo - Failed: Time...
FAILED tests/test_tentaculo_link.py::test_event_ingest_with_token - assert 40...
FAILED tests/test_v2_advanced.py::test_switch_context_get - assert 404 == 200
FAILED tests/test_v2_advanced.py::test_switch_providers_list - assert 404 == 200
FAILED tests/test_v2_advanced.py::test_hermes_job_lifecycle - assert 404 == 200
FAILED tests/test_v2_advanced.py::test_mcp_chat_basic - assert 404 == 200
FAILED tests/test_v2_advanced.py::test_mcp_session_history - assert 404 == 200
===== 107 failed, 510 passed, 18 skipped, 49 warnings in 199.56s (0:03:19) =====
