============================= test session starts ==============================
platform linux -- Python 3.10.12, pytest-7.4.3, pluggy-1.6.0
rootdir: /home/elkakas314/vx11
configfile: pytest.ini
plugins: cov-4.1.0, asyncio-0.21.1, mock-3.15.1, anyio-3.7.1, timeout-2.4.0
asyncio: mode=auto
timeout: 15.0s
timeout method: signal
timeout func_only: False
collected 56 items / 8 errors
Collected 56 tests.

==================================== ERRORS ====================================
_______________ ERROR collecting tests/test_shub_autonomy_e2e.py _______________
ImportError while importing test module '/home/elkakas314/vx11/tests/test_shub_autonomy_e2e.py'.
Hint: make sure your test modules/packages have valid Python names.
Traceback:
/usr/lib/python3.10/importlib/__init__.py:126: in import_module
    return _bootstrap._gcd_import(name[level:], package, level)
tests/test_shub_autonomy_e2e.py:19: in <module>
    from shubniggurath.api.madre_shub_handler import ShubMadreHandler
E   ModuleNotFoundError: No module named 'shubniggurath.api'; 'shubniggurath' is not a package
___________________ ERROR collecting tests/test_shub_core.py ___________________
ImportError while importing test module '/home/elkakas314/vx11/tests/test_shub_core.py'.
Hint: make sure your test modules/packages have valid Python names.
Traceback:
/usr/lib/python3.10/importlib/__init__.py:126: in import_module
    return _bootstrap._gcd_import(name[level:], package, level)
tests/test_shub_core.py:18: in <module>
    from shubniggurath.integrations.reaper_rpc import REAPERController
E   ModuleNotFoundError: No module named 'shubniggurath.integrations'; 'shubniggurath' is not a package
___________________ ERROR collecting tests/test_shub_dsp.py ____________________
ImportError while importing test module '/home/elkakas314/vx11/tests/test_shub_dsp.py'.
Hint: make sure your test modules/packages have valid Python names.
Traceback:
/usr/lib/python3.10/importlib/__init__.py:126: in import_module
    return _bootstrap._gcd_import(name[level:], package, level)
tests/test_shub_dsp.py:18: in <module>
    from shubniggurath.core.dsp_pipeline_full import DSPPipelineFull
E   ModuleNotFoundError: No module named 'shubniggurath.core'; 'shubniggurath' is not a package
__________________ ERROR collecting tests/test_shub_mode_c.py __________________
ImportError while importing test module '/home/elkakas314/vx11/tests/test_shub_mode_c.py'.
Hint: make sure your test modules/packages have valid Python names.
Traceback:
/usr/lib/python3.10/importlib/__init__.py:126: in import_module
    return _bootstrap._gcd_import(name[level:], package, level)
tests/test_shub_mode_c.py:5: in <module>
    from shubniggurath.dsp_pipeline import analyze_audio
E   ModuleNotFoundError: No module named 'shubniggurath.dsp_pipeline'; 'shubniggurath' is not a package
_____________ ERROR collecting tests/test_shubniggurath_phase1.py ______________
ImportError while importing test module '/home/elkakas314/vx11/tests/test_shubniggurath_phase1.py'.
Hint: make sure your test modules/packages have valid Python names.
Traceback:
/usr/lib/python3.10/importlib/__init__.py:126: in import_module
    return _bootstrap._gcd_import(name[level:], package, level)
tests/test_shubniggurath_phase1.py:13: in <module>
    from shubniggurath.engines import EngineRegistry
E   ModuleNotFoundError: No module named 'shubniggurath.engines'; 'shubniggurath' is not a package
__________________ ERROR collecting tests/test_shub_pro_io.py __________________
ImportError while importing test module '/home/elkakas314/vx11/tests/test_shub_pro_io.py'.
Hint: make sure your test modules/packages have valid Python names.
Traceback:
/usr/lib/python3.10/importlib/__init__.py:126: in import_module
    return _bootstrap._gcd_import(name[level:], package, level)
tests/test_shub_pro_io.py:4: in <module>
    from shubniggurath.pro.audio_io import load_audio, save_wav
E   ModuleNotFoundError: No module named 'shubniggurath.pro'; 'shubniggurath' is not a package
___________________ ERROR collecting tests/test_shub_pro.py ____________________
ImportError while importing test module '/home/elkakas314/vx11/tests/test_shub_pro.py'.
Hint: make sure your test modules/packages have valid Python names.
Traceback:
/usr/lib/python3.10/importlib/__init__.py:126: in import_module
    return _bootstrap._gcd_import(name[level:], package, level)
tests/test_shub_pro.py:15: in <module>
    from shubniggurath.pro.dsp_engine import DSPEngine, AudioAnalysisResult
E   ModuleNotFoundError: No module named 'shubniggurath.pro'; 'shubniggurath' is not a package
________________ ERROR collecting tests/test_shub_pro_simple.py ________________
ImportError while importing test module '/home/elkakas314/vx11/tests/test_shub_pro_simple.py'.
Hint: make sure your test modules/packages have valid Python names.
Traceback:
/usr/lib/python3.10/importlib/__init__.py:126: in import_module
    return _bootstrap._gcd_import(name[level:], package, level)
tests/test_shub_pro_simple.py:9: in <module>
    from shubniggurath.pro.dsp_fx import (
E   ModuleNotFoundError: No module named 'shubniggurath.pro'; 'shubniggurath' is not a package
=========================== short test summary info ============================
ERROR tests/test_shub_autonomy_e2e.py
ERROR tests/test_shub_core.py
ERROR tests/test_shub_dsp.py
ERROR tests/test_shub_mode_c.py
ERROR tests/test_shubniggurath_phase1.py
ERROR tests/test_shub_pro_io.py
ERROR tests/test_shub_pro.py
ERROR tests/test_shub_pro_simple.py
!!!!!!!!!!!!!!!!!!! Interrupted: 8 errors during collection !!!!!!!!!!!!!!!!!!!!
============================== 8 errors in 1.03s ===============================
============================= test session starts ==============================
platform linux -- Python 3.10.12, pytest-7.4.3, pluggy-1.6.0
rootdir: /home/elkakas314/vx11
configfile: pytest.ini
plugins: cov-4.1.0, asyncio-0.21.1, mock-3.15.1, anyio-3.7.1, timeout-2.4.0
asyncio: mode=auto
timeout: 15.0s
timeout method: signal
timeout func_only: False
collected 171 items
Collected 171 tests.

tests/test_shub_api.py .Progress: 1/171 tests (0%).Progress: 2/171 tests (1%).Progress: 3/171 tests (1%).Progress: 4/171 tests (2%).Progress: 5/171 tests (2%).Progress: 6/171 tests (3%).Progress: 7/171 tests (4%).Progress: 8/171 tests (4%).Progress: 9/171 tests (5%).Progress: 10/171 tests (5%).Progress: 11/171 tests (6%).Progress: 12/171 tests (7%).Progress: 13/171 tests (7%).Progress: 14/171 tests (8%).Progress: 15/171 tests (8%).Progress: 16/171 tests (9%).Progress: 17/171 tests (9%).Progress: 18/171 tests (10%).Progress: 19/171 tests (11%)                               [ 11%]
tests/test_shub_autonomy_e2e.py .Progress: 20/171 tests (11%).Progress: 21/171 tests (12%).Progress: 22/171 tests (12%).Progress: 23/171 tests (13%).Progress: 24/171 tests (14%).Progress: 25/171 tests (14%).Progress: 26/171 tests (15%).Progress: 27/171 tests (15%).Progress: 28/171 tests (16%).Progress: 29/171 tests (16%).Progress: 30/171 tests (17%).Progress: 31/171 tests (18%).Progress: 32/171 tests (18%).Progress: 33/171 tests (19%).Progress: 34/171 tests (19%).Progress: 35/171 tests (20%).Progress: 36/171 tests (21%).Progress: 37/171 tests (21%)FProgress: 38/171 tests (22%)FProgress: 39/171 tests (22%).Progress: 40/171 tests (23%)FProgress: 41/171 tests (23%)FProgress: 42/171 tests (24%)FProgress: 43/171 tests (25%).Progress: 44/171 tests (25%)FProgress: 45/171 tests (26%).Progress: 46/171 tests (26%).Progress: 47/171 tests (27%)             [ 27%]
tests/test_shub_core.py .Progress: 48/171 tests (28%).Progress: 49/171 tests (28%).Progress: 50/171 tests (29%).Progress: 51/171 tests (29%).Progress: 52/171 tests (30%).Progress: 53/171 tests (30%).Progress: 54/171 tests (31%).Progress: 55/171 tests (32%).Progress: 56/171 tests (32%).Progress: 57/171 tests (33%).Progress: 58/171 tests (33%).Progress: 59/171 tests (34%).Progress: 60/171 tests (35%).Progress: 61/171 tests (35%)FProgress: 62/171 tests (36%)                                  [ 36%]
tests/test_shub_dsp.py .Progress: 63/171 tests (36%)FProgress: 64/171 tests (37%)FProgress: 65/171 tests (38%)FProgress: 66/171 tests (38%)FProgress: 67/171 tests (39%)FProgress: 68/171 tests (39%).Progress: 69/171 tests (40%)FProgress: 70/171 tests (40%).Progress: 71/171 tests (41%).Progress: 72/171 tests (42%)                                        [ 42%]
tests/test_shub_mode_c.py .Progress: 73/171 tests (42%)FProgress: 74/171 tests (43%)                                             [ 43%]
tests/test_shub_modes.py FProgress: 75/171 tests (43%)                                               [ 43%]
tests/test_shubniggurath_complete_suite.py FProgress: 76/171 tests (44%)FProgress: 77/171 tests (45%).Progress: 78/171 tests (45%).Progress: 79/171 tests (46%).Progress: 80/171 tests (46%).Progress: 81/171 tests (47%).Progress: 82/171 tests (47%).Progress: 83/171 tests (48%).Progress: 84/171 tests (49%).Progress: 85/171 tests (49%).Progress: 86/171 tests (50%).Progress: 87/171 tests (50%).Progress: 88/171 tests (51%).Progress: 89/171 tests (52%)                [ 52%]
tests/test_shubniggurath_phase1.py .Progress: 90/171 tests (52%)FProgress: 91/171 tests (53%).Progress: 92/171 tests (53%).Progress: 93/171 tests (54%)                                  [ 54%]
tests/test_shubniggurath_phase2.py .Progress: 94/171 tests (54%).Progress: 95/171 tests (55%).Progress: 96/171 tests (56%).Progress: 97/171 tests (56%)                                  [ 56%]
tests/test_shubniggurath_phase3.py .Progress: 98/171 tests (57%).Progress: 99/171 tests (57%).Progress: 100/171 tests (58%).Progress: 101/171 tests (59%)                                  [ 59%]
tests/test_shubniggurath_phase5.py .Progress: 102/171 tests (59%).Progress: 103/171 tests (60%).Progress: 104/171 tests (60%).Progress: 105/171 tests (61%)                                  [ 61%]
tests/test_shubniggurath_phase6.py .Progress: 106/171 tests (61%).Progress: 107/171 tests (62%).Progress: 108/171 tests (63%).Progress: 109/171 tests (63%)                                  [ 63%]
tests/test_shubniggurath_phase7.py .Progress: 110/171 tests (64%).Progress: 111/171 tests (64%).Progress: 112/171 tests (65%)                                   [ 65%]
tests/test_shubniggurath_phase8.py .Progress: 113/171 tests (66%).Progress: 114/171 tests (66%)                                    [ 66%]
tests/test_shub_pro_api.py .Progress: 115/171 tests (67%)                                             [ 67%]
tests/test_shub_pro_io.py .Progress: 116/171 tests (67%)                                              [ 67%]
tests/test_shub_pro.py sProgress: 117/171 tests (68%)FProgress: 118/171 tests (69%)FProgress: 119/171 tests (69%)FProgress: 120/171 tests (70%)FProgress: 121/171 tests (70%).Progress: 122/171 tests (71%).Progress: 123/171 tests (71%).Progress: 124/171 tests (72%).Progress: 125/171 tests (73%).Progress: 126/171 tests (73%).Progress: 127/171 tests (74%).Progress: 128/171 tests (74%).Progress: 129/171 tests (75%).Progress: 130/171 tests (76%)FProgress: 131/171 tests (76%).Progress: 132/171 tests (77%).Progress: 133/171 tests (77%)FProgress: 134/171 tests (78%)FProgress: 135/171 tests (78%).Progress: 136/171 tests (79%)FProgress: 137/171 tests (80%).Progress: 138/171 tests (80%).Progress: 139/171 tests (81%).Progress: 140/171 tests (81%)FProgress: 141/171 tests (82%)FProgress: 142/171 tests (83%)                        [ 83%]
tests/test_shub_pro_simple.py .Progress: 143/171 tests (83%).Progress: 144/171 tests (84%).Progress: 145/171 tests (84%).Progress: 146/171 tests (85%).Progress: 147/171 tests (85%).Progress: 148/171 tests (86%).Progress: 149/171 tests (87%).Progress: 150/171 tests (87%).Progress: 151/171 tests (88%).Progress: 152/171 tests (88%).Progress: 153/171 tests (89%).Progress: 154/171 tests (90%).Progress: 155/171 tests (90%).Progress: 156/171 tests (91%).Progress: 157/171 tests (91%).Progress: 158/171 tests (92%).Progress: 159/171 tests (92%).Progress: 160/171 tests (93%).Progress: 161/171 tests (94%).Progress: 162/171 tests (94%).Progress: 163/171 tests (95%).Progress: 164/171 tests (95%).Progress: 165/171 tests (96%).Progress: 166/171 tests (97%).Progress: 167/171 tests (97%).Progress: 168/171 tests (98%).Progress: 169/171 tests (98%).Progress: 170/171 tests (99%).Progress: 171/171 tests (100%)
              [100%]

=================================== FAILURES ===================================
__________ TestAudioBatchEngineAutonomy.test_batch_engine_enqueue_job __________
tests/test_shub_autonomy_e2e.py:288: in test_batch_engine_enqueue_job
    result = await engine.enqueue_job(
E   TypeError: AudioBatchEngine.enqueue_job() got an unexpected keyword argument 'files'
__________ TestAudioBatchEngineAutonomy.test_batch_engine_get_status ___________
tests/test_shub_autonomy_e2e.py:304: in test_batch_engine_get_status
    enqueue_result = await engine.enqueue_job(
E   TypeError: AudioBatchEngine.enqueue_job() got an unexpected keyword argument 'files'
______ TestVirtualEngineerAutonomy.test_virtual_engineer_decide_priority _______
tests/test_shub_autonomy_e2e.py:343: in test_virtual_engineer_decide_priority
    assert 1 <= priority <= 10
E   TypeError: '<=' not supported between instances of 'int' and 'coroutine'
____ TestVirtualEngineerAutonomy.test_virtual_engineer_decide_master_style _____
tests/test_shub_autonomy_e2e.py:358: in test_virtual_engineer_decide_master_style
    assert isinstance(style, str)
E   assert False
E    +  where False = isinstance(<coroutine object VirtualEngineer.decide_master_style at 0x7a1b0c8630d0>, str)
_____________ TestShubAutonomyE2E.test_e2e_workflow_madre_to_shub ______________
tests/test_shub_autonomy_e2e.py:384: in test_e2e_workflow_madre_to_shub
    assert batch_result["status"] == "ok"
E   AssertionError: assert 'error' == 'ok'
E     - ok
E     + error
------------------------------ Captured log call -------------------------------
ERROR    vx11.shub.madre_handler:madre_shub_handler.py:241 [MADRE] Error encolando batch: BatchJob.__init__() got an unexpected keyword argument 'batch_name'
Traceback (most recent call last):
  File "/home/elkakas314/vx11/shubniggurath/api/madre_shub_handler.py", line 212, in handle_batch_task
    batch_job = BatchJob(
TypeError: BatchJob.__init__() got an unexpected keyword argument 'batch_name'
____ TestShubAutonomyE2E.test_e2e_workflow_batch_with_issues_to_hormiguero _____
tests/test_shub_autonomy_e2e.py:424: in test_e2e_workflow_batch_with_issues_to_hormiguero
    enqueue_result = await engine.enqueue_job(
E   TypeError: AudioBatchEngine.enqueue_job() got an unexpected keyword argument 'files'
__________ TestIntegrationShubCanonical.test_http_only_communication ___________
tests/test_shub_core.py:262: in test_http_only_communication
    assert forbidden not in imp, f"Found forbidden import in {file_path}: {imp}"
E   AssertionError: Found forbidden import in shubniggurath/core/audio_batch_engine.py: hormiguero.shub_audio_pheromones
E   assert 'hormiguero' not in 'hormiguero....o_pheromones'
E     'hormiguero' is contained here:
E       hormiguero.shub_audio_pheromones
E     ? ++++++++++
______________ TestDSPPipeline.test_run_full_pipeline_quick_mode _______________
tests/test_shub_dsp.py:60: in test_run_full_pipeline_quick_mode
    assert result['status'] == 'success'
E   AssertionError: assert 'error' == 'success'
E     - success
E     + error
________________ TestDSPPipeline.test_run_full_pipeline_mode_c _________________
tests/test_shub_dsp.py:77: in test_run_full_pipeline_mode_c
    assert result['status'] == 'success'
E   AssertionError: assert 'error' == 'success'
E     - success
E     + error
________________ TestDSPPipeline.test_audio_analysis_structure _________________
tests/test_shub_dsp.py:91: in test_audio_analysis_structure
    analysis = result['audio_analysis']
E   KeyError: 'audio_analysis'
___________________ TestDSPPipeline.test_fx_chain_generation ___________________
tests/test_shub_dsp.py:113: in test_fx_chain_generation
    fx_chain = result['fx_chain']
E   KeyError: 'fx_chain'
________________ TestDSPPipeline.test_reaper_preset_generation _________________
tests/test_shub_dsp.py:130: in test_reaper_preset_generation
    preset = result['reaper_preset']
E   KeyError: 'reaper_preset'
_______ TestDSPEngineIntegration.test_audio_analysis_dataclass_creation ________
tests/test_shub_dsp.py:158: in test_audio_analysis_dataclass_creation
    analysis = AudioAnalysis(
E   TypeError: AudioAnalysis.__init__() missing 3 required positional arguments: 'duration', 'sample_rate', and 'channels'
_____________________________ test_mode_c_endpoint _____________________________
tests/test_shub_mode_c.py:36: in test_mode_c_endpoint
    assert r.status_code == 200, r.text
E   AssertionError: {"detail":"Not Found"}
E   assert 404 == 200
E    +  where 404 = <Response [404 Not Found]>.status_code
___________________________ test_shub_execute_modes ____________________________
tests/test_shub_modes.py:11: in test_shub_execute_modes
    assert resp.status_code == 200
E   assert 404 == 200
E    +  where 404 = <Response [404 Not Found]>.status_code
________ TestShubCoreInitialization.test_initializer_creates_components ________
tests/test_shubniggurath_complete_suite.py:15: in test_initializer_creates_components
    from shubniggurath.core import ShubCoreInitializer
E   ImportError: cannot import name 'ShubCoreInitializer' from 'shubniggurath.core' (/home/elkakas314/vx11/shubniggurath/core/__init__.py)
______________________ TestDSPEngine.test_audio_analysis _______________________
tests/test_shubniggurath_complete_suite.py:35: in test_audio_analysis
    from shubniggurath.core import DSPEngine
E   ImportError: cannot import name 'DSPEngine' from 'shubniggurath.core' (/home/elkakas314/vx11/shubniggurath/core/__init__.py)
_______________________________ test_dsp_engine ________________________________
tests/test_shubniggurath_phase1.py:41: in test_dsp_engine
    result = await engine.analyze_audio(audio)
shubniggurath/core/dsp_engine.py:100: in analyze_audio
    pitch_dict, quality_dict) = await asyncio.gather(*tasks)
/usr/lib/python3.10/concurrent/futures/thread.py:58: in run
    result = self.fn(*self.args, **self.kwargs)
shubniggurath/core/dsp_engine.py:158: in _compute_spectral_features
    centroid = librosa.feature.spectral_centroid(S=S_db, sr=sr)[0]
.venv/lib/python3.10/site-packages/librosa/feature/spectral.py:173: in spectral_centroid
    raise ParameterError(
E   librosa.util.exceptions.ParameterError: Spectral centroid is only defined with non-negative energies
______________________ TestDSPEngine.test_analyze_levels _______________________
tests/test_shub_pro.py:128: in test_analyze_levels
    assert -5 < result.rms_db < -1
E   AttributeError: 'AudioAnalysisResult' object has no attribute 'rms_db'. Did you mean: 'rms_dbfs'?
_____________________ TestDSPEngine.test_analyze_dynamics ______________________
tests/test_shub_pro.py:144: in test_analyze_dynamics
    assert result.dynamic_range_db > 5
E   AttributeError: 'AudioAnalysisResult' object has no attribute 'dynamic_range_db'. Did you mean: 'dynamic_range'?
______________________ TestDSPEngine.test_detect_clipping ______________________
tests/test_shub_pro.py:156: in test_detect_clipping
    assert "clipping" in result.issues
E   AssertionError: assert 'clipping' in [{'samples': 48000, 'severity': 1.0, 'type': 'clipping'}, {'offset': 1.5, 'severity': 1.0, 'type': 'dc_offset'}, {'noise_dbfs': 3.5218251811136247, 'severity': 1.0, 'type': 'high_noise_floor'}]
E    +  where [{'samples': 48000, 'severity': 1.0, 'type': 'clipping'}, {'offset': 1.5, 'severity': 1.0, 'type': 'dc_offset'}, {'noise_dbfs': 3.5218251811136247, 'severity': 1.0, 'type': 'high_noise_floor'}] = AudioAnalysisResult(duration=1.0, sample_rate=48000, channels=1, peak_dbfs=3.521825075149536, rms_dbfs=3.5218250751495...nsiderar normalizaci칩n'}, {'area': 'quality', 'severity': 'warning', 'message': 'Se detectaron 3 problemas de audio'}]).issues
_____________________ TestDSPEngine.test_detect_dc_offset ______________________
tests/test_shub_pro.py:167: in test_detect_dc_offset
    assert "dc_offset" in result.issues
E   AssertionError: assert 'dc_offset' in [{'offset': 0.30000001192092896, 'severity': 1.0, 'type': 'dc_offset'}, {'noise_dbfs': -10.457574560460515, 'severity': 1.0, 'type': 'high_noise_floor'}]
E    +  where [{'offset': 0.30000001192092896, 'severity': 1.0, 'type': 'dc_offset'}, {'noise_dbfs': -10.457574560460515, 'severity': 1.0, 'type': 'high_noise_floor'}] = AudioAnalysisResult(duration=1.0, sample_rate=48000, channels=1, peak_dbfs=-10.457574129104614, rms_dbfs=-10.457572937...60515}], recommendations=[{'area': 'quality', 'severity': 'warning', 'message': 'Se detectaron 2 problemas de audio'}]).issues
_____________________ TestModeCPipeline.test_batch_process _____________________
tests/test_shub_pro.py:317: in test_batch_process
    assert result["success"]
E   assert False
______________ TestVirtualEngineer.test_rule_based_recommendation ______________
tests/test_shub_pro.py:348: in test_rule_based_recommendation
    analysis = AudioAnalysisResult(
E   TypeError: AudioAnalysisResult.__init__() got an unexpected keyword argument 'peak_db'
________________ TestVirtualEngineer.test_suggest_genre_preset _________________
tests/test_shub_pro.py:373: in test_suggest_genre_preset
    analysis = AudioAnalysisResult(
E   TypeError: AudioAnalysisResult.__init__() got an unexpected keyword argument 'peak_db'
______________________ TestShubCoreInit.test_db_init_step ______________________
tests/test_shub_pro.py:409: in test_db_init_step
    assert result["success"]
E   assert False
_________________ TestIntegration.test_full_pipeline_workflow __________________
shubniggurath/pro/dsp_pipeline_full.py:120: in run_pipeline
    job = ShubJob(
.venv/lib/python3.10/site-packages/sqlalchemy/orm/state.py:566: in _initialize_instance
    with util.safe_reraise():
.venv/lib/python3.10/site-packages/sqlalchemy/util/langhelpers.py:146: in __exit__
    raise exc_value.with_traceback(exc_tb)
.venv/lib/python3.10/site-packages/sqlalchemy/orm/state.py:564: in _initialize_instance
    manager.original_init(*mixed[1:], **kwargs)
.venv/lib/python3.10/site-packages/sqlalchemy/orm/decl_base.py:2142: in _declarative_constructor
    raise TypeError(
E   TypeError: 'uuid' is an invalid keyword argument for ShubJob

During handling of the above exception, another exception occurred:
tests/test_shub_pro.py:463: in test_full_pipeline_workflow
    result = await pipeline.run_pipeline(config)
shubniggurath/pro/dsp_pipeline_full.py:223: in run_pipeline
    job.status = JobStatus.FAILED.value
E   UnboundLocalError: local variable 'job' referenced before assignment
_____________________ TestIntegration.test_mode_c_with_fx ______________________
tests/test_shub_pro.py:479: in test_mode_c_with_fx
    assert result["success"]
E   assert False
=========================== short test summary info ============================
SKIPPED [1] tests/test_shub_pro.py:119: Requiere librosa para an치lisis completo
FAILED tests/test_shub_autonomy_e2e.py::TestAudioBatchEngineAutonomy::test_batch_engine_enqueue_job
FAILED tests/test_shub_autonomy_e2e.py::TestAudioBatchEngineAutonomy::test_batch_engine_get_status
FAILED tests/test_shub_autonomy_e2e.py::TestVirtualEngineerAutonomy::test_virtual_engineer_decide_priority
FAILED tests/test_shub_autonomy_e2e.py::TestVirtualEngineerAutonomy::test_virtual_engineer_decide_master_style
FAILED tests/test_shub_autonomy_e2e.py::TestShubAutonomyE2E::test_e2e_workflow_madre_to_shub
FAILED tests/test_shub_autonomy_e2e.py::TestShubAutonomyE2E::test_e2e_workflow_batch_with_issues_to_hormiguero
FAILED tests/test_shub_core.py::TestIntegrationShubCanonical::test_http_only_communication
FAILED tests/test_shub_dsp.py::TestDSPPipeline::test_run_full_pipeline_quick_mode
FAILED tests/test_shub_dsp.py::TestDSPPipeline::test_run_full_pipeline_mode_c
FAILED tests/test_shub_dsp.py::TestDSPPipeline::test_audio_analysis_structure
FAILED tests/test_shub_dsp.py::TestDSPPipeline::test_fx_chain_generation - Ke...
FAILED tests/test_shub_dsp.py::TestDSPPipeline::test_reaper_preset_generation
FAILED tests/test_shub_dsp.py::TestDSPEngineIntegration::test_audio_analysis_dataclass_creation
FAILED tests/test_shub_mode_c.py::test_mode_c_endpoint - AssertionError: {"de...
FAILED tests/test_shub_modes.py::test_shub_execute_modes - assert 404 == 200
FAILED tests/test_shubniggurath_complete_suite.py::TestShubCoreInitialization::test_initializer_creates_components
FAILED tests/test_shubniggurath_complete_suite.py::TestDSPEngine::test_audio_analysis
FAILED tests/test_shubniggurath_phase1.py::test_dsp_engine - librosa.util.exc...
FAILED tests/test_shub_pro.py::TestDSPEngine::test_analyze_levels - Attribute...
FAILED tests/test_shub_pro.py::TestDSPEngine::test_analyze_dynamics - Attribu...
FAILED tests/test_shub_pro.py::TestDSPEngine::test_detect_clipping - Assertio...
FAILED tests/test_shub_pro.py::TestDSPEngine::test_detect_dc_offset - Asserti...
FAILED tests/test_shub_pro.py::TestModeCPipeline::test_batch_process - assert...
FAILED tests/test_shub_pro.py::TestVirtualEngineer::test_rule_based_recommendation
FAILED tests/test_shub_pro.py::TestVirtualEngineer::test_suggest_genre_preset
FAILED tests/test_shub_pro.py::TestShubCoreInit::test_db_init_step - assert F...
FAILED tests/test_shub_pro.py::TestIntegration::test_full_pipeline_workflow
FAILED tests/test_shub_pro.py::TestIntegration::test_mode_c_with_fx - assert ...
=========== 28 failed, 142 passed, 1 skipped, 28 warnings in 48.87s ============
============================= test session starts ==============================
platform linux -- Python 3.10.12, pytest-7.4.3, pluggy-1.6.0
rootdir: /home/elkakas314/vx11
configfile: pytest.ini
plugins: cov-4.1.0, asyncio-0.21.1, mock-3.15.1, anyio-3.7.1, timeout-2.4.0
asyncio: mode=auto
timeout: 15.0s
timeout method: signal
timeout func_only: False
collected 171 items
Collected 171 tests.

tests/test_shub_api.py .Progress: 1/171 tests (0%).Progress: 2/171 tests (1%).Progress: 3/171 tests (1%).Progress: 4/171 tests (2%).Progress: 5/171 tests (2%).Progress: 6/171 tests (3%).Progress: 7/171 tests (4%).Progress: 8/171 tests (4%).Progress: 9/171 tests (5%).Progress: 10/171 tests (5%).Progress: 11/171 tests (6%).Progress: 12/171 tests (7%).Progress: 13/171 tests (7%).Progress: 14/171 tests (8%).Progress: 15/171 tests (8%).Progress: 16/171 tests (9%).Progress: 17/171 tests (9%).Progress: 18/171 tests (10%).Progress: 19/171 tests (11%)                               [ 11%]
tests/test_shub_autonomy_e2e.py .Progress: 20/171 tests (11%).Progress: 21/171 tests (12%).Progress: 22/171 tests (12%).Progress: 23/171 tests (13%).Progress: 24/171 tests (14%).Progress: 25/171 tests (14%).Progress: 26/171 tests (15%).Progress: 27/171 tests (15%).Progress: 28/171 tests (16%).Progress: 29/171 tests (16%).Progress: 30/171 tests (17%).Progress: 31/171 tests (18%).Progress: 32/171 tests (18%).Progress: 33/171 tests (19%).Progress: 34/171 tests (19%).Progress: 35/171 tests (20%).Progress: 36/171 tests (21%).Progress: 37/171 tests (21%)FProgress: 38/171 tests (22%)FProgress: 39/171 tests (22%).Progress: 40/171 tests (23%)FProgress: 41/171 tests (23%)FProgress: 42/171 tests (24%)FProgress: 43/171 tests (25%).Progress: 44/171 tests (25%)FProgress: 45/171 tests (26%).Progress: 46/171 tests (26%).Progress: 47/171 tests (27%)             [ 27%]
tests/test_shub_core.py .Progress: 48/171 tests (28%).Progress: 49/171 tests (28%).Progress: 50/171 tests (29%).Progress: 51/171 tests (29%).Progress: 52/171 tests (30%).Progress: 53/171 tests (30%).Progress: 54/171 tests (31%).Progress: 55/171 tests (32%).Progress: 56/171 tests (32%).Progress: 57/171 tests (33%).Progress: 58/171 tests (33%).Progress: 59/171 tests (34%).Progress: 60/171 tests (35%).Progress: 61/171 tests (35%)FProgress: 62/171 tests (36%)                                  [ 36%]
tests/test_shub_dsp.py .Progress: 63/171 tests (36%)FProgress: 64/171 tests (37%)FProgress: 65/171 tests (38%)FProgress: 66/171 tests (38%)FProgress: 67/171 tests (39%)FProgress: 68/171 tests (39%).Progress: 69/171 tests (40%)FProgress: 70/171 tests (40%).Progress: 71/171 tests (41%).Progress: 72/171 tests (42%)                                        [ 42%]
tests/test_shub_mode_c.py .Progress: 73/171 tests (42%)FProgress: 74/171 tests (43%)                                             [ 43%]
tests/test_shub_modes.py FProgress: 75/171 tests (43%)                                               [ 43%]
tests/test_shubniggurath_complete_suite.py FProgress: 76/171 tests (44%)FProgress: 77/171 tests (45%).Progress: 78/171 tests (45%).Progress: 79/171 tests (46%).Progress: 80/171 tests (46%).Progress: 81/171 tests (47%).Progress: 82/171 tests (47%).Progress: 83/171 tests (48%).Progress: 84/171 tests (49%).Progress: 85/171 tests (49%).Progress: 86/171 tests (50%).Progress: 87/171 tests (50%).Progress: 88/171 tests (51%).Progress: 89/171 tests (52%)                [ 52%]
tests/test_shubniggurath_phase1.py .Progress: 90/171 tests (52%)FProgress: 91/171 tests (53%).Progress: 92/171 tests (53%).Progress: 93/171 tests (54%)                                  [ 54%]
tests/test_shubniggurath_phase2.py .Progress: 94/171 tests (54%).Progress: 95/171 tests (55%).Progress: 96/171 tests (56%).Progress: 97/171 tests (56%)                                  [ 56%]
tests/test_shubniggurath_phase3.py .Progress: 98/171 tests (57%).Progress: 99/171 tests (57%).Progress: 100/171 tests (58%).Progress: 101/171 tests (59%)                                  [ 59%]
tests/test_shubniggurath_phase5.py .Progress: 102/171 tests (59%).Progress: 103/171 tests (60%).Progress: 104/171 tests (60%).Progress: 105/171 tests (61%)                                  [ 61%]
tests/test_shubniggurath_phase6.py .Progress: 106/171 tests (61%).Progress: 107/171 tests (62%).Progress: 108/171 tests (63%).Progress: 109/171 tests (63%)                                  [ 63%]
tests/test_shubniggurath_phase7.py .Progress: 110/171 tests (64%).Progress: 111/171 tests (64%).Progress: 112/171 tests (65%)                                   [ 65%]
tests/test_shubniggurath_phase8.py .Progress: 113/171 tests (66%).Progress: 114/171 tests (66%)                                    [ 66%]
tests/test_shub_pro_api.py .Progress: 115/171 tests (67%)                                             [ 67%]
tests/test_shub_pro_io.py .Progress: 116/171 tests (67%)                                              [ 67%]
tests/test_shub_pro.py sProgress: 117/171 tests (68%)FProgress: 118/171 tests (69%)FProgress: 119/171 tests (69%)FProgress: 120/171 tests (70%)FProgress: 121/171 tests (70%).Progress: 122/171 tests (71%).Progress: 123/171 tests (71%).Progress: 124/171 tests (72%).Progress: 125/171 tests (73%).Progress: 126/171 tests (73%).Progress: 127/171 tests (74%).Progress: 128/171 tests (74%).Progress: 129/171 tests (75%).Progress: 130/171 tests (76%)FProgress: 131/171 tests (76%).Progress: 132/171 tests (77%).Progress: 133/171 tests (77%)FProgress: 134/171 tests (78%)FProgress: 135/171 tests (78%).Progress: 136/171 tests (79%)FProgress: 137/171 tests (80%).Progress: 138/171 tests (80%).Progress: 139/171 tests (81%).Progress: 140/171 tests (81%)FProgress: 141/171 tests (82%)FProgress: 142/171 tests (83%)                        [ 83%]
tests/test_shub_pro_simple.py .Progress: 143/171 tests (83%).Progress: 144/171 tests (84%).Progress: 145/171 tests (84%).Progress: 146/171 tests (85%).Progress: 147/171 tests (85%).Progress: 148/171 tests (86%).Progress: 149/171 tests (87%).Progress: 150/171 tests (87%).Progress: 151/171 tests (88%).Progress: 152/171 tests (88%).Progress: 153/171 tests (89%).Progress: 154/171 tests (90%).Progress: 155/171 tests (90%).Progress: 156/171 tests (91%).Progress: 157/171 tests (91%).Progress: 158/171 tests (92%).Progress: 159/171 tests (92%).Progress: 160/171 tests (93%).Progress: 161/171 tests (94%).Progress: 162/171 tests (94%).Progress: 163/171 tests (95%).Progress: 164/171 tests (95%).Progress: 165/171 tests (96%).Progress: 166/171 tests (97%).Progress: 167/171 tests (97%).Progress: 168/171 tests (98%).Progress: 169/171 tests (98%).Progress: 170/171 tests (99%).Progress: 171/171 tests (100%)
              [100%]

=================================== FAILURES ===================================
__________ TestAudioBatchEngineAutonomy.test_batch_engine_enqueue_job __________
tests/test_shub_autonomy_e2e.py:288: in test_batch_engine_enqueue_job
    result = await engine.enqueue_job(
E   TypeError: AudioBatchEngine.enqueue_job() got an unexpected keyword argument 'files'
__________ TestAudioBatchEngineAutonomy.test_batch_engine_get_status ___________
tests/test_shub_autonomy_e2e.py:304: in test_batch_engine_get_status
    enqueue_result = await engine.enqueue_job(
E   TypeError: AudioBatchEngine.enqueue_job() got an unexpected keyword argument 'files'
______ TestVirtualEngineerAutonomy.test_virtual_engineer_decide_priority _______
tests/test_shub_autonomy_e2e.py:343: in test_virtual_engineer_decide_priority
    assert 1 <= priority <= 10
E   TypeError: '<=' not supported between instances of 'int' and 'coroutine'
____ TestVirtualEngineerAutonomy.test_virtual_engineer_decide_master_style _____
tests/test_shub_autonomy_e2e.py:358: in test_virtual_engineer_decide_master_style
    assert isinstance(style, str)
E   assert False
E    +  where False = isinstance(<coroutine object VirtualEngineer.decide_master_style at 0x74b83713b760>, str)
_____________ TestShubAutonomyE2E.test_e2e_workflow_madre_to_shub ______________
tests/test_shub_autonomy_e2e.py:384: in test_e2e_workflow_madre_to_shub
    assert batch_result["status"] == "ok"
E   AssertionError: assert 'error' == 'ok'
E     - ok
E     + error
------------------------------ Captured log call -------------------------------
ERROR    vx11.shub.madre_handler:madre_shub_handler.py:241 [MADRE] Error encolando batch: BatchJob.__init__() got an unexpected keyword argument 'batch_name'
Traceback (most recent call last):
  File "/home/elkakas314/vx11/shubniggurath/api/madre_shub_handler.py", line 212, in handle_batch_task
    batch_job = BatchJob(
TypeError: BatchJob.__init__() got an unexpected keyword argument 'batch_name'
____ TestShubAutonomyE2E.test_e2e_workflow_batch_with_issues_to_hormiguero _____
tests/test_shub_autonomy_e2e.py:424: in test_e2e_workflow_batch_with_issues_to_hormiguero
    enqueue_result = await engine.enqueue_job(
E   TypeError: AudioBatchEngine.enqueue_job() got an unexpected keyword argument 'files'
__________ TestIntegrationShubCanonical.test_http_only_communication ___________
tests/test_shub_core.py:262: in test_http_only_communication
    assert forbidden not in imp, f"Found forbidden import in {file_path}: {imp}"
E   AssertionError: Found forbidden import in shubniggurath/core/audio_batch_engine.py: hormiguero.shub_audio_pheromones
E   assert 'hormiguero' not in 'hormiguero....o_pheromones'
E     'hormiguero' is contained here:
E       hormiguero.shub_audio_pheromones
E     ? ++++++++++
______________ TestDSPPipeline.test_run_full_pipeline_quick_mode _______________
tests/test_shub_dsp.py:60: in test_run_full_pipeline_quick_mode
    assert result['status'] == 'success'
E   AssertionError: assert 'error' == 'success'
E     - success
E     + error
________________ TestDSPPipeline.test_run_full_pipeline_mode_c _________________
tests/test_shub_dsp.py:77: in test_run_full_pipeline_mode_c
    assert result['status'] == 'success'
E   AssertionError: assert 'error' == 'success'
E     - success
E     + error
________________ TestDSPPipeline.test_audio_analysis_structure _________________
tests/test_shub_dsp.py:91: in test_audio_analysis_structure
    analysis = result['audio_analysis']
E   KeyError: 'audio_analysis'
___________________ TestDSPPipeline.test_fx_chain_generation ___________________
tests/test_shub_dsp.py:113: in test_fx_chain_generation
    fx_chain = result['fx_chain']
E   KeyError: 'fx_chain'
________________ TestDSPPipeline.test_reaper_preset_generation _________________
tests/test_shub_dsp.py:130: in test_reaper_preset_generation
    preset = result['reaper_preset']
E   KeyError: 'reaper_preset'
_______ TestDSPEngineIntegration.test_audio_analysis_dataclass_creation ________
tests/test_shub_dsp.py:158: in test_audio_analysis_dataclass_creation
    analysis = AudioAnalysis(
E   TypeError: AudioAnalysis.__init__() missing 3 required positional arguments: 'duration', 'sample_rate', and 'channels'
_____________________________ test_mode_c_endpoint _____________________________
tests/test_shub_mode_c.py:36: in test_mode_c_endpoint
    assert r.status_code == 200, r.text
E   AssertionError: {"detail":"Not Found"}
E   assert 404 == 200
E    +  where 404 = <Response [404 Not Found]>.status_code
___________________________ test_shub_execute_modes ____________________________
tests/test_shub_modes.py:11: in test_shub_execute_modes
    assert resp.status_code == 200
E   assert 404 == 200
E    +  where 404 = <Response [404 Not Found]>.status_code
________ TestShubCoreInitialization.test_initializer_creates_components ________
tests/test_shubniggurath_complete_suite.py:15: in test_initializer_creates_components
    from shubniggurath.core import ShubCoreInitializer
E   ImportError: cannot import name 'ShubCoreInitializer' from 'shubniggurath.core' (/home/elkakas314/vx11/shubniggurath/core/__init__.py)
______________________ TestDSPEngine.test_audio_analysis _______________________
tests/test_shubniggurath_complete_suite.py:40: in test_audio_analysis
    result = await engine.analyze_audio(audio)
shubniggurath/core/dsp_engine.py:127: in analyze_audio
    pitch_dict, quality_dict) = await asyncio.gather(*tasks)
/usr/lib/python3.10/concurrent/futures/thread.py:58: in run
    result = self.fn(*self.args, **self.kwargs)
shubniggurath/core/dsp_engine.py:185: in _compute_spectral_features
    centroid = librosa.feature.spectral_centroid(S=S_db, sr=sr)[0]
.venv/lib/python3.10/site-packages/librosa/feature/spectral.py:173: in spectral_centroid
    raise ParameterError(
E   librosa.util.exceptions.ParameterError: Spectral centroid is only defined with non-negative energies
_______________________________ test_dsp_engine ________________________________
tests/test_shubniggurath_phase1.py:41: in test_dsp_engine
    result = await engine.analyze_audio(audio)
shubniggurath/core/dsp_engine.py:127: in analyze_audio
    pitch_dict, quality_dict) = await asyncio.gather(*tasks)
/usr/lib/python3.10/concurrent/futures/thread.py:58: in run
    result = self.fn(*self.args, **self.kwargs)
shubniggurath/core/dsp_engine.py:185: in _compute_spectral_features
    centroid = librosa.feature.spectral_centroid(S=S_db, sr=sr)[0]
.venv/lib/python3.10/site-packages/librosa/feature/spectral.py:173: in spectral_centroid
    raise ParameterError(
E   librosa.util.exceptions.ParameterError: Spectral centroid is only defined with non-negative energies
______________________ TestDSPEngine.test_analyze_levels _______________________
tests/test_shub_pro.py:128: in test_analyze_levels
    assert -5 < result.rms_db < -1
E   AttributeError: 'AudioAnalysisResult' object has no attribute 'rms_db'. Did you mean: 'rms_dbfs'?
_____________________ TestDSPEngine.test_analyze_dynamics ______________________
tests/test_shub_pro.py:144: in test_analyze_dynamics
    assert result.dynamic_range_db > 5
E   AttributeError: 'AudioAnalysisResult' object has no attribute 'dynamic_range_db'. Did you mean: 'dynamic_range'?
______________________ TestDSPEngine.test_detect_clipping ______________________
tests/test_shub_pro.py:156: in test_detect_clipping
    assert "clipping" in result.issues
E   AssertionError: assert 'clipping' in [{'samples': 48000, 'severity': 1.0, 'type': 'clipping'}, {'offset': 1.5, 'severity': 1.0, 'type': 'dc_offset'}, {'noise_dbfs': 3.5218251811136247, 'severity': 1.0, 'type': 'high_noise_floor'}]
E    +  where [{'samples': 48000, 'severity': 1.0, 'type': 'clipping'}, {'offset': 1.5, 'severity': 1.0, 'type': 'dc_offset'}, {'noise_dbfs': 3.5218251811136247, 'severity': 1.0, 'type': 'high_noise_floor'}] = AudioAnalysisResult(duration=1.0, sample_rate=48000, channels=1, peak_dbfs=3.521825075149536, rms_dbfs=3.5218250751495...nsiderar normalizaci칩n'}, {'area': 'quality', 'severity': 'warning', 'message': 'Se detectaron 3 problemas de audio'}]).issues
_____________________ TestDSPEngine.test_detect_dc_offset ______________________
tests/test_shub_pro.py:167: in test_detect_dc_offset
    assert "dc_offset" in result.issues
E   AssertionError: assert 'dc_offset' in [{'offset': 0.30000001192092896, 'severity': 1.0, 'type': 'dc_offset'}, {'noise_dbfs': -10.457574560460515, 'severity': 1.0, 'type': 'high_noise_floor'}]
E    +  where [{'offset': 0.30000001192092896, 'severity': 1.0, 'type': 'dc_offset'}, {'noise_dbfs': -10.457574560460515, 'severity': 1.0, 'type': 'high_noise_floor'}] = AudioAnalysisResult(duration=1.0, sample_rate=48000, channels=1, peak_dbfs=-10.457574129104614, rms_dbfs=-10.457572937...60515}], recommendations=[{'area': 'quality', 'severity': 'warning', 'message': 'Se detectaron 2 problemas de audio'}]).issues
_____________________ TestModeCPipeline.test_batch_process _____________________
tests/test_shub_pro.py:317: in test_batch_process
    assert result["success"]
E   assert False
______________ TestVirtualEngineer.test_rule_based_recommendation ______________
tests/test_shub_pro.py:348: in test_rule_based_recommendation
    analysis = AudioAnalysisResult(
E   TypeError: AudioAnalysisResult.__init__() got an unexpected keyword argument 'peak_db'
________________ TestVirtualEngineer.test_suggest_genre_preset _________________
tests/test_shub_pro.py:373: in test_suggest_genre_preset
    analysis = AudioAnalysisResult(
E   TypeError: AudioAnalysisResult.__init__() got an unexpected keyword argument 'peak_db'
______________________ TestShubCoreInit.test_db_init_step ______________________
tests/test_shub_pro.py:409: in test_db_init_step
    assert result["success"]
E   assert False
_________________ TestIntegration.test_full_pipeline_workflow __________________
shubniggurath/pro/dsp_pipeline_full.py:120: in run_pipeline
    job = ShubJob(
.venv/lib/python3.10/site-packages/sqlalchemy/orm/state.py:566: in _initialize_instance
    with util.safe_reraise():
.venv/lib/python3.10/site-packages/sqlalchemy/util/langhelpers.py:146: in __exit__
    raise exc_value.with_traceback(exc_tb)
.venv/lib/python3.10/site-packages/sqlalchemy/orm/state.py:564: in _initialize_instance
    manager.original_init(*mixed[1:], **kwargs)
.venv/lib/python3.10/site-packages/sqlalchemy/orm/decl_base.py:2142: in _declarative_constructor
    raise TypeError(
E   TypeError: 'uuid' is an invalid keyword argument for ShubJob

During handling of the above exception, another exception occurred:
tests/test_shub_pro.py:463: in test_full_pipeline_workflow
    result = await pipeline.run_pipeline(config)
shubniggurath/pro/dsp_pipeline_full.py:223: in run_pipeline
    job.status = JobStatus.FAILED.value
E   UnboundLocalError: local variable 'job' referenced before assignment
_____________________ TestIntegration.test_mode_c_with_fx ______________________
tests/test_shub_pro.py:479: in test_mode_c_with_fx
    assert result["success"]
E   assert False
=========================== short test summary info ============================
SKIPPED [1] tests/test_shub_pro.py:119: Requiere librosa para an치lisis completo
FAILED tests/test_shub_autonomy_e2e.py::TestAudioBatchEngineAutonomy::test_batch_engine_enqueue_job
FAILED tests/test_shub_autonomy_e2e.py::TestAudioBatchEngineAutonomy::test_batch_engine_get_status
FAILED tests/test_shub_autonomy_e2e.py::TestVirtualEngineerAutonomy::test_virtual_engineer_decide_priority
FAILED tests/test_shub_autonomy_e2e.py::TestVirtualEngineerAutonomy::test_virtual_engineer_decide_master_style
FAILED tests/test_shub_autonomy_e2e.py::TestShubAutonomyE2E::test_e2e_workflow_madre_to_shub
FAILED tests/test_shub_autonomy_e2e.py::TestShubAutonomyE2E::test_e2e_workflow_batch_with_issues_to_hormiguero
FAILED tests/test_shub_core.py::TestIntegrationShubCanonical::test_http_only_communication
FAILED tests/test_shub_dsp.py::TestDSPPipeline::test_run_full_pipeline_quick_mode
FAILED tests/test_shub_dsp.py::TestDSPPipeline::test_run_full_pipeline_mode_c
FAILED tests/test_shub_dsp.py::TestDSPPipeline::test_audio_analysis_structure
FAILED tests/test_shub_dsp.py::TestDSPPipeline::test_fx_chain_generation - Ke...
FAILED tests/test_shub_dsp.py::TestDSPPipeline::test_reaper_preset_generation
FAILED tests/test_shub_dsp.py::TestDSPEngineIntegration::test_audio_analysis_dataclass_creation
FAILED tests/test_shub_mode_c.py::test_mode_c_endpoint - AssertionError: {"de...
FAILED tests/test_shub_modes.py::test_shub_execute_modes - assert 404 == 200
FAILED tests/test_shubniggurath_complete_suite.py::TestShubCoreInitialization::test_initializer_creates_components
FAILED tests/test_shubniggurath_complete_suite.py::TestDSPEngine::test_audio_analysis
FAILED tests/test_shubniggurath_phase1.py::test_dsp_engine - librosa.util.exc...
FAILED tests/test_shub_pro.py::TestDSPEngine::test_analyze_levels - Attribute...
FAILED tests/test_shub_pro.py::TestDSPEngine::test_analyze_dynamics - Attribu...
FAILED tests/test_shub_pro.py::TestDSPEngine::test_detect_clipping - Assertio...
FAILED tests/test_shub_pro.py::TestDSPEngine::test_detect_dc_offset - Asserti...
FAILED tests/test_shub_pro.py::TestModeCPipeline::test_batch_process - assert...
FAILED tests/test_shub_pro.py::TestVirtualEngineer::test_rule_based_recommendation
FAILED tests/test_shub_pro.py::TestVirtualEngineer::test_suggest_genre_preset
FAILED tests/test_shub_pro.py::TestShubCoreInit::test_db_init_step - assert F...
FAILED tests/test_shub_pro.py::TestIntegration::test_full_pipeline_workflow
FAILED tests/test_shub_pro.py::TestIntegration::test_mode_c_with_fx - assert ...
=========== 28 failed, 142 passed, 1 skipped, 30 warnings in 52.94s ============
