---- FAIL SUMMARY ----
12:tests/test_all_healthchecks.py::test_health_all FAILED                   [ 16%]
13:tests/test_health_endpoints.py::test_health_endpoints FAILED             [ 33%]
14:tests/test_switch_auto.py::test_switch_auto_returns_engine FAILED        [ 50%]
15:tests/test_switch_chat_and_breaker.py::test_switch_chat_endpoint FAILED  [ 66%]
16:tests/test_switch_deepseek_staging.py::test_switch_deepseek_fallback_when_no_key FAILED [ 83%]
17:tests/test_switch_local.py::test_switch_local_route FAILED               [100%]
160:FAILED tests/test_all_healthchecks.py::test_health_all - AssertionError: madr...
161:FAILED tests/test_health_endpoints.py::test_health_endpoints - requests.excep...
162:FAILED tests/test_switch_auto.py::test_switch_auto_returns_engine - Assertion...
163:FAILED tests/test_switch_chat_and_breaker.py::test_switch_chat_endpoint - Ass...
164:FAILED tests/test_switch_deepseek_staging.py::test_switch_deepseek_fallback_when_no_key
165:FAILED tests/test_switch_local.py::test_switch_local_route - AssertionError: ...
