============================= test session starts ==============================
platform linux -- Python 3.10.12, pytest-7.4.3, pluggy-1.6.0 -- /usr/bin/python3
cachedir: .pytest_cache
rootdir: /home/elkakas314/vx11
configfile: pytest.ini
testpaths: tests
plugins: cov-7.0.0, asyncio-0.21.1, anyio-3.7.1
asyncio: mode=auto
collecting ... collected 6 items
run-last-failure: rerun previous 6 failures (skipped 17 files)

tests/test_all_healthchecks.py::test_health_all SKIPPED (Integration
tests skipped by default. Set VX11_INTEGRATION=1 to run.)                [ 16%]
tests/test_health_endpoints.py::test_health_endpoints SKIPPED to run.)   [ 33%]
tests/test_switch_auto.py::test_switch_auto_returns_engine SKIPPEDun.)   [ 50%]
tests/test_switch_chat_and_breaker.py::test_switch_chat_endpoint SKIPPED [ 66%]
tests/test_switch_deepseek_staging.py::test_switch_deepseek_fallback_when_no_key SKIPPED [ 83%]
tests/test_switch_local.py::test_switch_local_route SKIPPED (Integration
tests skipped by default. Set VX11_INTEGRATION=1 to run.)                [100%]

=========================== short test summary info ============================
SKIPPED [1] tests/test_all_healthchecks.py: Integration tests skipped by default. Set VX11_INTEGRATION=1 to run.
SKIPPED [1] tests/test_health_endpoints.py: Integration tests skipped by default. Set VX11_INTEGRATION=1 to run.
SKIPPED [1] tests/test_switch_auto.py: Integration tests skipped by default. Set VX11_INTEGRATION=1 to run.
SKIPPED [1] tests/test_switch_chat_and_breaker.py: Integration tests skipped by default. Set VX11_INTEGRATION=1 to run.
SKIPPED [1] tests/test_switch_deepseek_staging.py: Integration tests skipped by default. Set VX11_INTEGRATION=1 to run.
SKIPPED [1] tests/test_switch_local.py: Integration tests skipped by default. Set VX11_INTEGRATION=1 to run.
======================== 6 skipped, 6 warnings in 1.41s ========================
